
*** Running vivado
    with args -log EX_ExecutionStage_0_0.vds -m64 -product Vivado -mode batch -messageDb vivado.pb -notrace -source EX_ExecutionStage_0_0.tcl



****** Vivado v2024.2 (64-bit)
  **** SW Build 5239630 on Fri Nov 08 22:35:27 MST 2024
  **** IP Build 5239520 on Sun Nov 10 16:12:51 MST 2024
  **** SharedData Build 5239561 on Fri Nov 08 14:39:27 MST 2024
  **** Start of session at: Thu Mar 20 13:39:56 2025
    ** Copyright 1986-2022 Xilinx, Inc. All Rights Reserved.
    ** Copyright 2022-2024 Advanced Micro Devices, Inc. All Rights Reserved.

source EX_ExecutionStage_0_0.tcl -notrace
INFO: [IP_Flow 19-234] Refreshing IP repositories
INFO: [IP_Flow 19-1704] No user IP repositories specified
INFO: [IP_Flow 19-2313] Loaded Vivado IP repository 'C:/Xilinx/Vivado/2024.2/data/ip'.
Command: synth_design -top EX_ExecutionStage_0_0 -part xc7k70tfbv676-1 -incremental_mode off -mode out_of_context
Starting synth_design
Attempting to get a license for feature 'Synthesis' and/or device 'xc7k70t'
INFO: [Common 17-349] Got license for feature 'Synthesis' and/or device 'xc7k70t'
INFO: [Designutils 20-5008] Incremental synthesis strategy off
INFO: [Synth 8-7079] Multithreading enabled for synth_design using a maximum of 2 processes.
INFO: [Synth 8-7078] Launching helper process for spawning children vivado processes
INFO: [Synth 8-7075] Helper process launched with PID 8924
---------------------------------------------------------------------------------
Starting Synthesize : Time (s): cpu = 00:00:15 ; elapsed = 00:00:19 . Memory (MB): peak = 786.293 ; gain = 475.215
---------------------------------------------------------------------------------
INFO: [Synth 8-6157] synthesizing module 'EX_ExecutionStage_0_0' [m:/College/BTP/Vivado_Simulations/EX_Stage/EX_Stage.gen/sources_1/bd/EX/ip/EX_ExecutionStage_0_0/synth/EX_ExecutionStage_0_0.v:53]
INFO: [Synth 8-6157] synthesizing module 'ExecutionStage' [M:/College/BTP/Vivado_Simulations/EX_Stage/Execute_Stage.v:1]
INFO: [Synth 8-6157] synthesizing module 'ForwardingUnitWithMUX' [M:/College/BTP/Vivado_Simulations/EX_Stage/Forwarding_Unit.v:1]
INFO: [Synth 8-6155] done synthesizing module 'ForwardingUnitWithMUX' (0#1) [M:/College/BTP/Vivado_Simulations/EX_Stage/Forwarding_Unit.v:1]
INFO: [Synth 8-6157] synthesizing module 'ALU_Control' [M:/College/BTP/Vivado_Simulations/EX_Stage/ALU_Control.v:1]
INFO: [Synth 8-226] default block is never used [M:/College/BTP/Vivado_Simulations/EX_Stage/ALU_Control.v:26]
INFO: [Synth 8-226] default block is never used [M:/College/BTP/Vivado_Simulations/EX_Stage/ALU_Control.v:28]
INFO: [Synth 8-226] default block is never used [M:/College/BTP/Vivado_Simulations/EX_Stage/ALU_Control.v:44]
INFO: [Synth 8-6155] done synthesizing module 'ALU_Control' (0#1) [M:/College/BTP/Vivado_Simulations/EX_Stage/ALU_Control.v:1]
INFO: [Synth 8-6157] synthesizing module 'ALU' [M:/College/BTP/Vivado_Simulations/EX_Stage/ALU.v:1]
INFO: [Synth 8-6155] done synthesizing module 'ALU' (0#1) [M:/College/BTP/Vivado_Simulations/EX_Stage/ALU.v:1]
INFO: [Synth 8-6157] synthesizing module 'Branch_Unit' [M:/College/BTP/Vivado_Simulations/EX_Stage/Branch_Unit.v:2]
INFO: [Synth 8-6155] done synthesizing module 'Branch_Unit' (0#1) [M:/College/BTP/Vivado_Simulations/EX_Stage/Branch_Unit.v:2]
INFO: [Synth 8-6155] done synthesizing module 'ExecutionStage' (0#1) [M:/College/BTP/Vivado_Simulations/EX_Stage/Execute_Stage.v:1]
WARNING: [Synth 8-7071] port 'is_sw' of module 'ExecutionStage' is unconnected for instance 'inst' [m:/College/BTP/Vivado_Simulations/EX_Stage/EX_Stage.gen/sources_1/bd/EX/ip/EX_ExecutionStage_0_0/synth/EX_ExecutionStage_0_0.v:106]
WARNING: [Synth 8-7071] port 'is_lw' of module 'ExecutionStage' is unconnected for instance 'inst' [m:/College/BTP/Vivado_Simulations/EX_Stage/EX_Stage.gen/sources_1/bd/EX/ip/EX_ExecutionStage_0_0/synth/EX_ExecutionStage_0_0.v:106]
WARNING: [Synth 8-7071] port 'is_jal' of module 'ExecutionStage' is unconnected for instance 'inst' [m:/College/BTP/Vivado_Simulations/EX_Stage/EX_Stage.gen/sources_1/bd/EX/ip/EX_ExecutionStage_0_0/synth/EX_ExecutionStage_0_0.v:106]
WARNING: [Synth 8-7023] instance 'inst' of module 'ExecutionStage' has 25 connections declared, but only 22 given [m:/College/BTP/Vivado_Simulations/EX_Stage/EX_Stage.gen/sources_1/bd/EX/ip/EX_ExecutionStage_0_0/synth/EX_ExecutionStage_0_0.v:106]
INFO: [Synth 8-6155] done synthesizing module 'EX_ExecutionStage_0_0' (0#1) [m:/College/BTP/Vivado_Simulations/EX_Stage/EX_Stage.gen/sources_1/bd/EX/ip/EX_ExecutionStage_0_0/synth/EX_ExecutionStage_0_0.v:53]
WARNING: [Synth 8-7129] Port funct7[6] in module ALU_Control is either unconnected or has no load
WARNING: [Synth 8-7129] Port funct7[4] in module ALU_Control is either unconnected or has no load
WARNING: [Synth 8-7129] Port funct7[3] in module ALU_Control is either unconnected or has no load
WARNING: [Synth 8-7129] Port funct7[2] in module ALU_Control is either unconnected or has no load
WARNING: [Synth 8-7129] Port funct7[1] in module ALU_Control is either unconnected or has no load
WARNING: [Synth 8-7129] Port funct7[0] in module ALU_Control is either unconnected or has no load
---------------------------------------------------------------------------------
Finished Synthesize : Time (s): cpu = 00:00:19 ; elapsed = 00:00:24 . Memory (MB): peak = 891.199 ; gain = 580.121
---------------------------------------------------------------------------------
---------------------------------------------------------------------------------
Finished Constraint Validation : Time (s): cpu = 00:00:20 ; elapsed = 00:00:25 . Memory (MB): peak = 891.199 ; gain = 580.121
---------------------------------------------------------------------------------
---------------------------------------------------------------------------------
Start Loading Part and Timing Information
---------------------------------------------------------------------------------
Loading part: xc7k70tfbv676-1
---------------------------------------------------------------------------------
Finished Loading Part and Timing Information : Time (s): cpu = 00:00:20 ; elapsed = 00:00:25 . Memory (MB): peak = 891.199 ; gain = 580.121
---------------------------------------------------------------------------------
INFO: [Device 21-403] Loading part xc7k70tfbv676-1
---------------------------------------------------------------------------------
Finished RTL Optimization Phase 2 : Time (s): cpu = 00:00:21 ; elapsed = 00:00:26 . Memory (MB): peak = 891.199 ; gain = 580.121
---------------------------------------------------------------------------------
No constraint files found.
---------------------------------------------------------------------------------
Start RTL Component Statistics 
---------------------------------------------------------------------------------
Detailed RTL Component Info : 
+---Adders : 
	   2 Input   32 Bit       Adders := 3     
	   3 Input   32 Bit       Adders := 1     
+---XORs : 
	   2 Input     32 Bit         XORs := 1     
+---Muxes : 
	   3 Input   32 Bit        Muxes := 2     
	   2 Input   32 Bit        Muxes := 5     
	   5 Input    4 Bit        Muxes := 1     
	   8 Input    4 Bit        Muxes := 2     
	   2 Input    3 Bit        Muxes := 1     
	   2 Input    2 Bit        Muxes := 3     
	   2 Input    1 Bit        Muxes := 1     
---------------------------------------------------------------------------------
Finished RTL Component Statistics 
---------------------------------------------------------------------------------
---------------------------------------------------------------------------------
Start Part Resource Summary
---------------------------------------------------------------------------------
Part Resources:
DSPs: 240 (col length:80)
BRAMs: 270 (col length: RAMB18 80 RAMB36 40)
---------------------------------------------------------------------------------
Finished Part Resource Summary
---------------------------------------------------------------------------------
No constraint files found.
---------------------------------------------------------------------------------
Start Cross Boundary and Area Optimization
---------------------------------------------------------------------------------
WARNING: [Synth 8-7080] Parallel synthesis criteria is not met
WARNING: [Synth 8-7129] Port funct7[6] in module ALU_Control is either unconnected or has no load
WARNING: [Synth 8-7129] Port funct7[4] in module ALU_Control is either unconnected or has no load
WARNING: [Synth 8-7129] Port funct7[3] in module ALU_Control is either unconnected or has no load
WARNING: [Synth 8-7129] Port funct7[2] in module ALU_Control is either unconnected or has no load
WARNING: [Synth 8-7129] Port funct7[1] in module ALU_Control is either unconnected or has no load
WARNING: [Synth 8-7129] Port funct7[0] in module ALU_Control is either unconnected or has no load
---------------------------------------------------------------------------------
Finished Cross Boundary and Area Optimization : Time (s): cpu = 00:00:48 ; elapsed = 00:01:29 . Memory (MB): peak = 1168.879 ; gain = 857.801
---------------------------------------------------------------------------------
No constraint files found.
---------------------------------------------------------------------------------
Start Timing Optimization
---------------------------------------------------------------------------------
---------------------------------------------------------------------------------
Finished Timing Optimization : Time (s): cpu = 00:00:48 ; elapsed = 00:01:30 . Memory (MB): peak = 1169.742 ; gain = 858.664
---------------------------------------------------------------------------------
---------------------------------------------------------------------------------
Start Technology Mapping
---------------------------------------------------------------------------------
---------------------------------------------------------------------------------
Finished Technology Mapping : Time (s): cpu = 00:00:49 ; elapsed = 00:01:32 . Memory (MB): peak = 1169.742 ; gain = 858.664
---------------------------------------------------------------------------------
---------------------------------------------------------------------------------
Start IO Insertion
---------------------------------------------------------------------------------
---------------------------------------------------------------------------------
Start Flattening Before IO Insertion
---------------------------------------------------------------------------------
---------------------------------------------------------------------------------
Finished Flattening Before IO Insertion
---------------------------------------------------------------------------------
---------------------------------------------------------------------------------
Start Final Netlist Cleanup
---------------------------------------------------------------------------------
---------------------------------------------------------------------------------
Finished Final Netlist Cleanup
---------------------------------------------------------------------------------
---------------------------------------------------------------------------------
Finished IO Insertion : Time (s): cpu = 00:01:00 ; elapsed = 00:01:52 . Memory (MB): peak = 1275.938 ; gain = 964.859
---------------------------------------------------------------------------------
---------------------------------------------------------------------------------
Start Renaming Generated Instances
---------------------------------------------------------------------------------
---------------------------------------------------------------------------------
Finished Renaming Generated Instances : Time (s): cpu = 00:01:00 ; elapsed = 00:01:52 . Memory (MB): peak = 1275.938 ; gain = 964.859
---------------------------------------------------------------------------------
---------------------------------------------------------------------------------
Start Rebuilding User Hierarchy
---------------------------------------------------------------------------------
---------------------------------------------------------------------------------
Finished Rebuilding User Hierarchy : Time (s): cpu = 00:01:00 ; elapsed = 00:01:52 . Memory (MB): peak = 1275.938 ; gain = 964.859
---------------------------------------------------------------------------------
---------------------------------------------------------------------------------
Start Renaming Generated Ports
---------------------------------------------------------------------------------
---------------------------------------------------------------------------------
Finished Renaming Generated Ports : Time (s): cpu = 00:01:00 ; elapsed = 00:01:52 . Memory (MB): peak = 1275.938 ; gain = 964.859
---------------------------------------------------------------------------------
---------------------------------------------------------------------------------
Start Handling Custom Attributes
---------------------------------------------------------------------------------
---------------------------------------------------------------------------------
Finished Handling Custom Attributes : Time (s): cpu = 00:01:00 ; elapsed = 00:01:52 . Memory (MB): peak = 1275.938 ; gain = 964.859
---------------------------------------------------------------------------------
---------------------------------------------------------------------------------
Start Renaming Generated Nets
---------------------------------------------------------------------------------
---------------------------------------------------------------------------------
Finished Renaming Generated Nets : Time (s): cpu = 00:01:00 ; elapsed = 00:01:52 . Memory (MB): peak = 1275.938 ; gain = 964.859
---------------------------------------------------------------------------------
---------------------------------------------------------------------------------
Start Writing Synthesis Report
---------------------------------------------------------------------------------

Report BlackBoxes: 
+-+--------------+----------+
| |BlackBox name |Instances |
+-+--------------+----------+
+-+--------------+----------+

Report Cell Usage: 
+------+-------+------+
|      |Cell   |Count |
+------+-------+------+
|1     |CARRY4 |    58|
|2     |LUT1   |     1|
|3     |LUT2   |   107|
|4     |LUT3   |   106|
|5     |LUT4   |   233|
|6     |LUT5   |   208|
|7     |LUT6   |   207|
+------+-------+------+

Report Instance Areas: 
+------+---------------------+---------------+------+
|      |Instance             |Module         |Cells |
+------+---------------------+---------------+------+
|1     |top                  |               |   920|
|2     |  inst               |ExecutionStage |   920|
|3     |    alu_inst         |ALU            |   658|
|4     |    branch_unit_inst |Branch_Unit    |   212|
+------+---------------------+---------------+------+
---------------------------------------------------------------------------------
Finished Writing Synthesis Report : Time (s): cpu = 00:01:00 ; elapsed = 00:01:53 . Memory (MB): peak = 1275.938 ; gain = 964.859
---------------------------------------------------------------------------------
Synthesis finished with 0 errors, 0 critical warnings and 17 warnings.
Synthesis Optimization Runtime : Time (s): cpu = 00:01:00 ; elapsed = 00:01:53 . Memory (MB): peak = 1275.938 ; gain = 964.859
Synthesis Optimization Complete : Time (s): cpu = 00:01:00 ; elapsed = 00:01:53 . Memory (MB): peak = 1275.938 ; gain = 964.859
INFO: [Project 1-571] Translating synthesized netlist
Netlist sorting complete. Time (s): cpu = 00:00:00 ; elapsed = 00:00:00.035 . Memory (MB): peak = 1290.988 ; gain = 0.000
INFO: [Netlist 29-17] Analyzing 58 Unisim elements for replacement
INFO: [Netlist 29-28] Unisim Transformation completed in 0 CPU seconds
INFO: [Project 1-570] Preparing netlist for logic optimization
INFO: [Opt 31-138] Pushed 0 inverter(s) to 0 load pin(s).
Netlist sorting complete. Time (s): cpu = 00:00:00 ; elapsed = 00:00:00 . Memory (MB): peak = 1399.316 ; gain = 0.000
INFO: [Project 1-111] Unisim Transformation Summary:
No Unisim elements were transformed.

Synth Design complete | Checksum: 366c5de6
INFO: [Common 17-83] Releasing license: Synthesis
31 Infos, 17 Warnings, 0 Critical Warnings and 0 Errors encountered.
synth_design completed successfully
synth_design: Time (s): cpu = 00:01:05 ; elapsed = 00:02:10 . Memory (MB): peak = 1399.316 ; gain = 1088.238
INFO: [Coretcl 2-1174] Renamed 3 cell refs.
INFO: [Timing 38-35] Done setting XDC timing constraints.
Write ShapeDB Complete: Time (s): cpu = 00:00:00 ; elapsed = 00:00:00.010 . Memory (MB): peak = 1695.316 ; gain = 0.000
INFO: [Common 17-1381] The checkpoint 'M:/College/BTP/Vivado_Simulations/EX_Stage/EX_Stage.runs/EX_ExecutionStage_0_0_synth_1/EX_ExecutionStage_0_0.dcp' has been generated.
write_checkpoint: Time (s): cpu = 00:00:17 ; elapsed = 00:00:25 . Memory (MB): peak = 1695.469 ; gain = 296.152
INFO: [Vivado 12-24828] Executing command : report_utilization -file EX_ExecutionStage_0_0_utilization_synth.rpt -pb EX_ExecutionStage_0_0_utilization_synth.pb
INFO: [Common 17-206] Exiting Vivado at Thu Mar 20 13:42:47 2025...
