#! /c/Source/iverilog-install/bin/vvp
:ivl_version "12.0 (devel)" "(s20150603-1539-g2693dd32b)";
:ivl_delay_selection "TYPICAL";
:vpi_time_precision + 0;
:vpi_module "C:\Users\mohit\scoop\apps\iverilog\current\lib\ivl\system.vpi";
:vpi_module "C:\Users\mohit\scoop\apps\iverilog\current\lib\ivl\vhdl_sys.vpi";
:vpi_module "C:\Users\mohit\scoop\apps\iverilog\current\lib\ivl\vhdl_textio.vpi";
:vpi_module "C:\Users\mohit\scoop\apps\iverilog\current\lib\ivl\v2005_math.vpi";
:vpi_module "C:\Users\mohit\scoop\apps\iverilog\current\lib\ivl\va_math.vpi";
S_00000210ac292e30 .scope module, "ForwardingUnitWithMUX" "ForwardingUnitWithMUX" 2 2;
 .timescale 0 0;
    .port_info 0 /INPUT 1 "EX_MEM_RegWrite_i";
    .port_info 1 /INPUT 1 "MEM_WB_RegWrite_i";
    .port_info 2 /INPUT 5 "ID_EX_RS_i";
    .port_info 3 /INPUT 5 "ID_EX_RT_i";
    .port_info 4 /INPUT 5 "EX_MEM_RD_i";
    .port_info 5 /INPUT 5 "MEM_WB_RD_i";
    .port_info 6 /INPUT 32 "rs1_data";
    .port_info 7 /INPUT 32 "rs2_data";
    .port_info 8 /INPUT 32 "EX_MEM_i";
    .port_info 9 /INPUT 32 "MEM_WB_i";
    .port_info 10 /OUTPUT 32 "ForwardedDataA_o";
    .port_info 11 /OUTPUT 32 "ForwardedDataB_o";
o00000210ac2cafb8 .functor BUFZ 5, C4<zzzzz>; HiZ drive
v00000210ac293090_0 .net "EX_MEM_RD_i", 4 0, o00000210ac2cafb8;  0 drivers
o00000210ac2cafe8 .functor BUFZ 1, C4<z>; HiZ drive
v00000210ac311c30_0 .net "EX_MEM_RegWrite_i", 0 0, o00000210ac2cafe8;  0 drivers
o00000210ac2cb018 .functor BUFZ 32, C4<zzzzzzzzzzzzzzzzzzzzzzzzzzzzzzzz>; HiZ drive
v00000210ac311cd0_0 .net "EX_MEM_i", 31 0, o00000210ac2cb018;  0 drivers
v00000210ac311d70_0 .var "ForwardA", 1 0;
v00000210ac311e10_0 .var "ForwardB", 1 0;
v00000210ac311eb0_0 .var "ForwardedDataA_o", 31 0;
v00000210ac311f50_0 .var "ForwardedDataB_o", 31 0;
o00000210ac2cb108 .functor BUFZ 5, C4<zzzzz>; HiZ drive
v00000210ac311ff0_0 .net "ID_EX_RS_i", 4 0, o00000210ac2cb108;  0 drivers
o00000210ac2cb138 .functor BUFZ 5, C4<zzzzz>; HiZ drive
v00000210ac312090_0 .net "ID_EX_RT_i", 4 0, o00000210ac2cb138;  0 drivers
o00000210ac2cb168 .functor BUFZ 5, C4<zzzzz>; HiZ drive
v00000210ac312130_0 .net "MEM_WB_RD_i", 4 0, o00000210ac2cb168;  0 drivers
o00000210ac2cb198 .functor BUFZ 1, C4<z>; HiZ drive
v00000210ac3121d0_0 .net "MEM_WB_RegWrite_i", 0 0, o00000210ac2cb198;  0 drivers
o00000210ac2cb1c8 .functor BUFZ 32, C4<zzzzzzzzzzzzzzzzzzzzzzzzzzzzzzzz>; HiZ drive
v00000210ac312270_0 .net "MEM_WB_i", 31 0, o00000210ac2cb1c8;  0 drivers
o00000210ac2cb1f8 .functor BUFZ 32, C4<zzzzzzzzzzzzzzzzzzzzzzzzzzzzzzzz>; HiZ drive
v00000210ac312310_0 .net "rs1_data", 31 0, o00000210ac2cb1f8;  0 drivers
o00000210ac2cb228 .functor BUFZ 32, C4<zzzzzzzzzzzzzzzzzzzzzzzzzzzzzzzz>; HiZ drive
v00000210ac3123b0_0 .net "rs2_data", 31 0, o00000210ac2cb228;  0 drivers
E_00000210ac2b5130/0 .event anyedge, v00000210ac311d70_0, v00000210ac312310_0, v00000210ac312270_0, v00000210ac311cd0_0;
E_00000210ac2b5130/1 .event anyedge, v00000210ac311e10_0, v00000210ac3123b0_0;
E_00000210ac2b5130 .event/or E_00000210ac2b5130/0, E_00000210ac2b5130/1;
E_00000210ac2b5630/0 .event anyedge, v00000210ac311c30_0, v00000210ac293090_0, v00000210ac311ff0_0, v00000210ac3121d0_0;
E_00000210ac2b5630/1 .event anyedge, v00000210ac312130_0, v00000210ac312090_0;
E_00000210ac2b5630 .event/or E_00000210ac2b5630/0, E_00000210ac2b5630/1;
    .scope S_00000210ac292e30;
T_0 ;
    %wait E_00000210ac2b5630;
    %pushi/vec4 0, 0, 2;
    %store/vec4 v00000210ac311d70_0, 0, 2;
    %pushi/vec4 0, 0, 2;
    %store/vec4 v00000210ac311e10_0, 0, 2;
    %load/vec4 v00000210ac311c30_0;
    %flag_set/vec4 10;
    %flag_get/vec4 10;
    %jmp/0 T_0.3, 10;
    %load/vec4 v00000210ac293090_0;
    %pushi/vec4 0, 0, 5;
    %cmp/ne;
    %flag_get/vec4 4;
    %and;
T_0.3;
    %flag_set/vec4 9;
    %flag_get/vec4 9;
    %jmp/0 T_0.2, 9;
    %load/vec4 v00000210ac293090_0;
    %load/vec4 v00000210ac311ff0_0;
    %cmp/e;
    %flag_get/vec4 4;
    %and;
T_0.2;
    %flag_set/vec4 8;
    %jmp/0xz  T_0.0, 8;
    %pushi/vec4 2, 0, 2;
    %store/vec4 v00000210ac311d70_0, 0, 2;
    %jmp T_0.1;
T_0.0 ;
    %load/vec4 v00000210ac3121d0_0;
    %flag_set/vec4 10;
    %flag_get/vec4 10;
    %jmp/0 T_0.7, 10;
    %load/vec4 v00000210ac312130_0;
    %pushi/vec4 0, 0, 5;
    %cmp/ne;
    %flag_get/vec4 4;
    %and;
T_0.7;
    %flag_set/vec4 9;
    %flag_get/vec4 9;
    %jmp/0 T_0.6, 9;
    %load/vec4 v00000210ac312130_0;
    %load/vec4 v00000210ac311ff0_0;
    %cmp/e;
    %flag_get/vec4 4;
    %and;
T_0.6;
    %flag_set/vec4 8;
    %jmp/0xz  T_0.4, 8;
    %pushi/vec4 1, 0, 2;
    %store/vec4 v00000210ac311d70_0, 0, 2;
T_0.4 ;
T_0.1 ;
    %load/vec4 v00000210ac311c30_0;
    %flag_set/vec4 10;
    %flag_get/vec4 10;
    %jmp/0 T_0.11, 10;
    %load/vec4 v00000210ac293090_0;
    %pushi/vec4 0, 0, 5;
    %cmp/ne;
    %flag_get/vec4 4;
    %and;
T_0.11;
    %flag_set/vec4 9;
    %flag_get/vec4 9;
    %jmp/0 T_0.10, 9;
    %load/vec4 v00000210ac293090_0;
    %load/vec4 v00000210ac312090_0;
    %cmp/e;
    %flag_get/vec4 4;
    %and;
T_0.10;
    %flag_set/vec4 8;
    %jmp/0xz  T_0.8, 8;
    %pushi/vec4 2, 0, 2;
    %store/vec4 v00000210ac311e10_0, 0, 2;
    %jmp T_0.9;
T_0.8 ;
    %load/vec4 v00000210ac3121d0_0;
    %flag_set/vec4 10;
    %flag_get/vec4 10;
    %jmp/0 T_0.15, 10;
    %load/vec4 v00000210ac312130_0;
    %pushi/vec4 0, 0, 5;
    %cmp/ne;
    %flag_get/vec4 4;
    %and;
T_0.15;
    %flag_set/vec4 9;
    %flag_get/vec4 9;
    %jmp/0 T_0.14, 9;
    %load/vec4 v00000210ac312130_0;
    %load/vec4 v00000210ac312090_0;
    %cmp/e;
    %flag_get/vec4 4;
    %and;
T_0.14;
    %flag_set/vec4 8;
    %jmp/0xz  T_0.12, 8;
    %pushi/vec4 1, 0, 2;
    %store/vec4 v00000210ac311e10_0, 0, 2;
T_0.12 ;
T_0.9 ;
    %jmp T_0;
    .thread T_0, $push;
    .scope S_00000210ac292e30;
T_1 ;
    %wait E_00000210ac2b5130;
    %load/vec4 v00000210ac311d70_0;
    %dup/vec4;
    %pushi/vec4 0, 0, 2;
    %cmp/u;
    %jmp/1 T_1.0, 6;
    %dup/vec4;
    %pushi/vec4 1, 0, 2;
    %cmp/u;
    %jmp/1 T_1.1, 6;
    %dup/vec4;
    %pushi/vec4 2, 0, 2;
    %cmp/u;
    %jmp/1 T_1.2, 6;
    %load/vec4 v00000210ac312310_0;
    %store/vec4 v00000210ac311eb0_0, 0, 32;
    %jmp T_1.4;
T_1.0 ;
    %load/vec4 v00000210ac312310_0;
    %store/vec4 v00000210ac311eb0_0, 0, 32;
    %jmp T_1.4;
T_1.1 ;
    %load/vec4 v00000210ac312270_0;
    %store/vec4 v00000210ac311eb0_0, 0, 32;
    %jmp T_1.4;
T_1.2 ;
    %load/vec4 v00000210ac311cd0_0;
    %store/vec4 v00000210ac311eb0_0, 0, 32;
    %jmp T_1.4;
T_1.4 ;
    %pop/vec4 1;
    %load/vec4 v00000210ac311e10_0;
    %dup/vec4;
    %pushi/vec4 0, 0, 2;
    %cmp/u;
    %jmp/1 T_1.5, 6;
    %dup/vec4;
    %pushi/vec4 1, 0, 2;
    %cmp/u;
    %jmp/1 T_1.6, 6;
    %dup/vec4;
    %pushi/vec4 2, 0, 2;
    %cmp/u;
    %jmp/1 T_1.7, 6;
    %load/vec4 v00000210ac3123b0_0;
    %store/vec4 v00000210ac311f50_0, 0, 32;
    %jmp T_1.9;
T_1.5 ;
    %load/vec4 v00000210ac3123b0_0;
    %store/vec4 v00000210ac311f50_0, 0, 32;
    %jmp T_1.9;
T_1.6 ;
    %load/vec4 v00000210ac312270_0;
    %store/vec4 v00000210ac311f50_0, 0, 32;
    %jmp T_1.9;
T_1.7 ;
    %load/vec4 v00000210ac311cd0_0;
    %store/vec4 v00000210ac311f50_0, 0, 32;
    %jmp T_1.9;
T_1.9 ;
    %pop/vec4 1;
    %jmp T_1;
    .thread T_1, $push;
# The file index is used to find the file name in the following table.
:file_names 3;
    "N/A";
    "<interactive>";
    "Forwarding_Unit.v";
