#-----------------------------------------------------------
# Vivado v2024.2 (64-bit)
# SW Build 5239630 on Fri Nov 08 22:35:27 MST 2024
# IP Build 5239520 on Sun Nov 10 16:12:51 MST 2024
# SharedData Build 5239561 on Fri Nov 08 14:39:27 MST 2024
# Start of session at: Thu May 15 21:15:08 2025
# Process ID         : 30168
# Current directory  : M:/College/BTP/Vivado_Simulations/EX_Stage
# Command line       : vivado.exe -gui_launcher_event rodinguilauncherevent9472 M:\College\BTP\Vivado_Simulations\EX_Stage\EX_Stage.xpr
# Log file           : M:/College/BTP/Vivado_Simulations/EX_Stage/vivado.log
# Journal file       : M:/College/BTP/Vivado_Simulations/EX_Stage\vivado.jou
# Running On         : Mohit
# Platform           : Windows Server 2016 or Windows 10
# Operating System   : 26100
# Processor Detail   : AMD Ryzen 7 5800H with Radeon Graphics         
# CPU Frequency      : 3194 MHz
# CPU Physical cores : 8
# CPU Logical cores  : 16
# Host memory        : 7886 MB
# Swap memory        : 20047 MB
# Total Virtual      : 27934 MB
# Available Virtual  : 910 MB
#-----------------------------------------------------------
start_gui
ooopen_project M:/College/BTP/Vivado_Simulations/EX_Stage/EX_Stage.xpScanning sources...
FiFinished scanning sourceINFO: [IP_Flow 19-234] Refreshing IP repositories
INFO: [IP_Flow 19-1704] No user IP repositories specified
INFO: [IP_Flow 19-2313] Loaded Vivado IP repository 'C:/Xilinx/Vivado/2024.2/data/ip'.
open_project: Time (s): cpu = 00:00:32 ; elapsed = 00:00:29 . Memory (MB): peak = 1108.902 ; gain = 73.367
update_compile_order -fileset sources_1
eexit
INFO: [Common 17-206] Exiting Vivado at Fri May 16 11:19:40 2025...

