#-----------------------------------------------------------
# Vivado v2024.2 (64-bit)
# SW Build 5239630 on Fri Nov 08 22:35:27 MST 2024
# IP Build 5239520 on Sun Nov 10 16:12:51 MST 2024
# SharedData Build 5239561 on Fri Nov 08 14:39:27 MST 2024
# Start of session at: Wed Apr 30 15:09:46 2025
# Process ID         : 28580
# Current directory  : M:/College/BTP/Vivado_Simulations/EX_Stage
# Command line       : vivado.exe -gui_launcher_event rodinguilauncherevent27048 M:\College\BTP\Vivado_Simulations\EX_Stage\EX_Stage.xpr
# Log file           : M:/College/BTP/Vivado_Simulations/EX_Stage/vivado.log
# Journal file       : M:/College/BTP/Vivado_Simulations/EX_Stage\vivado.jou
# Running On         : Mohit
# Platform           : Windows Server 2016 or Windows 10
# Operating System   : 26100
# Processor Detail   : AMD Ryzen 7 5800H with Radeon Graphics         
# CPU Frequency      : 3194 MHz
# CPU Physical cores : 8
# CPU Logical cores  : 16
# Host memory        : 7886 MB
# Swap memory        : 19665 MB
# Total Virtual      : 27552 MB
# Available Virtual  : 5230 MB
#-----------------------------------------------------------
start_gui
open_project M:/College/BTP/Vivado_Simulations/EX_Stage/EX_Stage.xpr
Scanning sources...
Finished scanning sources
INFO: [IP_Flow 19-234] Refreshing IP repositories
INFO: [IP_Flow 19-1704] No user IP repositories specified
INFO: [IP_Flow 19-2313] Loaded Vivado IP repository 'C:/Xilinx/Vivado/2024.2/data/ip'.
open_project: Time (s): cpu = 00:00:23 ; elapsed = 00:00:09 . Memory (MB): peak = 1118.164 ; gain = 65.820
update_compile_order -fileset sources_1
WARNING: [filemgmt 56-199] Attempt to get parsing info during refresh. "On-the-fly" syntax checking information may be incorrect. [M:\College\BTP\Vivado_Simulations\EX_Stage\Execute_Stage.v:]
WARNING: [filemgmt 56-199] Attempt to get parsing info during refresh. "On-the-fly" syntax checking information may be incorrect. [M:\College\BTP\Vivado_Simulations\EX_Stage\Forwarding_Unit.v:]
WARNING: [filemgmt 56-199] Attempt to get parsing info during refresh. "On-the-fly" syntax checking information may be incorrect. [M:\College\BTP\Vivado_Simulations\EX_Stage\Forwarding_Unit.v:]
WARNING: [filemgmt 56-199] Attempt to get parsing info during refresh. "On-the-fly" syntax checking information may be incorrect. [M:\College\BTP\Vivado_Simulations\EX_Stage\Forwarding_Unit.v:]
ERROR: [Common 17-180] Spawn failed: No error
update_compile_order -fileset sources_1
WARNING: [filemgmt 56-199] Attempt to get parsing info during refresh. "On-the-fly" syntax checking information may be incorrect. [M:\College\BTP\Vivado_Simulations\EX_Stage\Execute_Stage.v:]
WARNING: [filemgmt 56-199] Attempt to get parsing info during refresh. "On-the-fly" syntax checking information may be incorrect. [M:\College\BTP\Vivado_Simulations\EX_Stage\Forwarding_Unit.v:]
WARNING: [filemgmt 56-199] Attempt to get parsing info during refresh. "On-the-fly" syntax checking information may be incorrect. [M:\College\BTP\Vivado_Simulations\EX_Stage\Forwarding_Unit.v:]
WARNING: [filemgmt 56-199] Attempt to get parsing info during refresh. "On-the-fly" syntax checking information may be incorrect. [M:\College\BTP\Vivado_Simulations\EX_Stage\Forwarding_Unit.v:]
ERROR: [Common 17-180] Spawn failed: No error
WARNING: [filemgmt 56-199] Attempt to get parsing info during refresh. "On-the-fly" syntax checking information may be incorrect. [M:\College\BTP\Vivado_Simulations\EX_Stage\Execute_Stage.v:]
WARNING: [filemgmt 56-199] Attempt to get parsing info during refresh. "On-the-fly" syntax checking information may be incorrect. [M:\College\BTP\Vivado_Simulations\EX_Stage\Forwarding_Unit.v:]
WARNING: [filemgmt 56-199] Attempt to get parsing info during refresh. "On-the-fly" syntax checking information may be incorrect. [M:\College\BTP\Vivado_Simulations\EX_Stage\Forwarding_Unit.v:]
WARNING: [filemgmt 56-199] Attempt to get parsing info during refresh. "On-the-fly" syntax checking information may be incorrect. [M:\College\BTP\Vivado_Simulations\EX_Stage\Forwarding_Unit.v:]
ERROR: [Common 17-180] Spawn failed: No error
update_compile_order -fileset sources_1
WARNING: [filemgmt 56-199] Attempt to get parsing info during refresh. "On-the-fly" syntax checking information may be incorrect. [M:\College\BTP\Vivado_Simulations\EX_Stage\Execute_Stage.v:]
WARNING: [filemgmt 56-199] Attempt to get parsing info during refresh. "On-the-fly" syntax checking information may be incorrect. [M:\College\BTP\Vivado_Simulations\EX_Stage\Forwarding_Unit.v:]
WARNING: [filemgmt 56-199] Attempt to get parsing info during refresh. "On-the-fly" syntax checking information may be incorrect. [M:\College\BTP\Vivado_Simulations\EX_Stage\Forwarding_Unit.v:]
WARNING: [filemgmt 56-199] Attempt to get parsing info during refresh. "On-the-fly" syntax checking information may be incorrect. [M:\College\BTP\Vivado_Simulations\EX_Stage\Forwarding_Unit.v:]
ERROR: [Common 17-180] Spawn failed: No error
WARNING: [filemgmt 56-199] Attempt to get parsing info during refresh. "On-the-fly" syntax checking information may be incorrect. [M:\College\BTP\Vivado_Simulations\EX_Stage\Execute_Stage.v:]
WARNING: [filemgmt 56-199] Attempt to get parsing info during refresh. "On-the-fly" syntax checking information may be incorrect. [M:\College\BTP\Vivado_Simulations\EX_Stage\Forwarding_Unit.v:]
WARNING: [filemgmt 56-199] Attempt to get parsing info during refresh. "On-the-fly" syntax checking information may be incorrect. [M:\College\BTP\Vivado_Simulations\EX_Stage\Forwarding_Unit.v:]
WARNING: [filemgmt 56-199] Attempt to get parsing info during refresh. "On-the-fly" syntax checking information may be incorrect. [M:\College\BTP\Vivado_Simulations\EX_Stage\Forwarding_Unit.v:]
ERROR: [Common 17-180] Spawn failed: No error
WARNING: [filemgmt 56-199] Attempt to get parsing info during refresh. "On-the-fly" syntax checking information may be incorrect. [M:\College\BTP\Vivado_Simulations\EX_Stage\Execute_Stage.v:]
WARNING: [filemgmt 56-199] Attempt to get parsing info during refresh. "On-the-fly" syntax checking information may be incorrect. [M:\College\BTP\Vivado_Simulations\EX_Stage\Forwarding_Unit.v:]
WARNING: [filemgmt 56-199] Attempt to get parsing info during refresh. "On-the-fly" syntax checking information may be incorrect. [M:\College\BTP\Vivado_Simulations\EX_Stage\Forwarding_Unit.v:]
WARNING: [filemgmt 56-199] Attempt to get parsing info during refresh. "On-the-fly" syntax checking information may be incorrect. [M:\College\BTP\Vivado_Simulations\EX_Stage\Forwarding_Unit.v:]
ERROR: [Common 17-180] Spawn failed: No error
update_compile_order -fileset sources_1
WARNING: [filemgmt 56-199] Attempt to get parsing info during refresh. "On-the-fly" syntax checking information may be incorrect. [M:\College\BTP\Vivado_Simulations\EX_Stage\Execute_Stage.v:]
WARNING: [filemgmt 56-199] Attempt to get parsing info during refresh. "On-the-fly" syntax checking information may be incorrect. [M:\College\BTP\Vivado_Simulations\EX_Stage\Forwarding_Unit.v:]
WARNING: [filemgmt 56-199] Attempt to get parsing info during refresh. "On-the-fly" syntax checking information may be incorrect. [M:\College\BTP\Vivado_Simulations\EX_Stage\Forwarding_Unit.v:]
WARNING: [filemgmt 56-199] Attempt to get parsing info during refresh. "On-the-fly" syntax checking information may be incorrect. [M:\College\BTP\Vivado_Simulations\EX_Stage\Forwarding_Unit.v:]
ERROR: [Common 17-180] Spawn failed: No error
create_bd_design "Ex"
Wrote  : <M:\College\BTP\Vivado_Simulations\EX_Stage\EX_Stage.srcs\sources_1\bd\Ex\Ex.bd> 
create_bd_design: Time (s): cpu = 00:00:21 ; elapsed = 00:00:11 . Memory (MB): peak = 1224.094 ; gain = 17.004
WARNING: [filemgmt 56-199] Attempt to get parsing info during refresh. "On-the-fly" syntax checking information may be incorrect. [M:\College\BTP\Vivado_Simulations\EX_Stage\Execute_Stage.v:]
WARNING: [filemgmt 56-199] Attempt to get parsing info during refresh. "On-the-fly" syntax checking information may be incorrect. [M:\College\BTP\Vivado_Simulations\EX_Stage\Forwarding_Unit.v:]
WARNING: [filemgmt 56-199] Attempt to get parsing info during refresh. "On-the-fly" syntax checking information may be incorrect. [M:\College\BTP\Vivado_Simulations\EX_Stage\Execute_Stage.v:]
WARNING: [filemgmt 56-199] Attempt to get parsing info during refresh. "On-the-fly" syntax checking information may be incorrect. [M:\College\BTP\Vivado_Simulations\EX_Stage\Execute_Stage.v:]
update_compile_order -fileset sources_1
WARNING: [filemgmt 56-199] Attempt to get parsing info during refresh. "On-the-fly" syntax checking information may be incorrect. [M:\College\BTP\Vivado_Simulations\EX_Stage\Execute_Stage.v:]
WARNING: [filemgmt 56-199] Attempt to get parsing info during refresh. "On-the-fly" syntax checking information may be incorrect. [M:\College\BTP\Vivado_Simulations\EX_Stage\Forwarding_Unit.v:]
WARNING: [filemgmt 56-199] Attempt to get parsing info during refresh. "On-the-fly" syntax checking information may be incorrect. [M:\College\BTP\Vivado_Simulations\EX_Stage\Forwarding_Unit.v:]
WARNING: [filemgmt 56-199] Attempt to get parsing info during refresh. "On-the-fly" syntax checking information may be incorrect. [M:\College\BTP\Vivado_Simulations\EX_Stage\Forwarding_Unit.v:]
ERROR: [Common 17-180] Spawn failed: No error
create_bd_cell -type module -reference ExecutionStage ExecutionStage_0
create_bd_cell -type module -reference ALU ALU_0
set_property location {1 83 179} [get_bd_cells ALU_0]
create_bd_cell -type module -reference ALU_Control ALU_Control_0
