
*** Running vivado
    with args -log ExecutionStage.vdi -applog -m64 -product Vivado -messageDb vivado.pb -mode batch -source ExecutionStage.tcl -notrace



****** Vivado v2024.2 (64-bit)
  **** SW Build 5239630 on Fri Nov 08 22:35:27 MST 2024
  **** IP Build 5239520 on Sun Nov 10 16:12:51 MST 2024
  **** SharedData Build 5239561 on Fri Nov 08 14:39:27 MST 2024
  **** Start of session at: Fri Mar 21 19:14:05 2025
    ** Copyright 1986-2022 Xilinx, Inc. All Rights Reserved.
    ** Copyright 2022-2024 Advanced Micro Devices, Inc. All Rights Reserved.

source ExecutionStage.tcl -notrace
Command: link_design -top ExecutionStage -part xc7k70tfbv676-1
Design is defaulting to srcset: sources_1
Design is defaulting to constrset: constrs_1
INFO: [Device 21-403] Loading part xc7k70tfbv676-1
Netlist sorting complete. Time (s): cpu = 00:00:00 ; elapsed = 00:00:00.026 . Memory (MB): peak = 491.922 ; gain = 0.000
INFO: [Netlist 29-17] Analyzing 58 Unisim elements for replacement
INFO: [Netlist 29-28] Unisim Transformation completed in 0 CPU seconds
INFO: [Project 1-479] Netlist was created with Vivado 2024.2
INFO: [Project 1-570] Preparing netlist for logic optimization
Read ShapeDB Complete: Time (s): cpu = 00:00:00 ; elapsed = 00:00:00.035 . Memory (MB): peak = 582.730 ; gain = 0.184
Netlist sorting complete. Time (s): cpu = 00:00:00 ; elapsed = 00:00:00.001 . Memory (MB): peak = 583.770 ; gain = 0.000
INFO: [Project 1-111] Unisim Transformation Summary:
No Unisim elements were transformed.

6 Infos, 0 Warnings, 0 Critical Warnings and 0 Errors encountered.
link_design completed successfully
link_design: Time (s): cpu = 00:00:08 ; elapsed = 00:00:13 . Memory (MB): peak = 612.617 ; gain = 319.711
Command: opt_design
Attempting to get a license for feature 'Implementation' and/or device 'xc7k70t'
INFO: [Common 17-349] Got license for feature 'Implementation' and/or device 'xc7k70t'
Running DRC as a precondition to command opt_design

Starting DRC Task
INFO: [DRC 23-27] Running DRC with 2 threads
INFO: [Project 1-461] DRC finished with 0 Errors
INFO: [Project 1-462] Please refer to the DRC report (report_drc) for more information.

Time (s): cpu = 00:00:02 ; elapsed = 00:00:03 . Memory (MB): peak = 647.184 ; gain = 34.566

Starting Cache Timing Information Task
INFO: [Timing 38-35] Done setting XDC timing constraints.
Ending Cache Timing Information Task | Checksum: f1dd069f

Time (s): cpu = 00:00:13 ; elapsed = 00:00:15 . Memory (MB): peak = 1201.527 ; gain = 554.344

Starting Logic Optimization Task

Phase 1 Initialization

Phase 1.1 Core Generation And Design Setup
Phase 1.1 Core Generation And Design Setup | Checksum: f1dd069f

Time (s): cpu = 00:00:00 ; elapsed = 00:00:00.013 . Memory (MB): peak = 1604.648 ; gain = 0.000

Phase 1.2 Setup Constraints And Sort Netlist
Phase 1.2 Setup Constraints And Sort Netlist | Checksum: f1dd069f

Time (s): cpu = 00:00:00 ; elapsed = 00:00:00.035 . Memory (MB): peak = 1604.648 ; gain = 0.000
Phase 1 Initialization | Checksum: f1dd069f

Time (s): cpu = 00:00:00 ; elapsed = 00:00:00.036 . Memory (MB): peak = 1604.648 ; gain = 0.000

Phase 2 Timer Update And Timing Data Collection

Phase 2.1 Timer Update
Phase 2.1 Timer Update | Checksum: f1dd069f

Time (s): cpu = 00:00:00 ; elapsed = 00:00:00.112 . Memory (MB): peak = 1604.648 ; gain = 0.000

Phase 2.2 Timing Data Collection
Phase 2.2 Timing Data Collection | Checksum: f1dd069f

Time (s): cpu = 00:00:00 ; elapsed = 00:00:00.181 . Memory (MB): peak = 1604.648 ; gain = 0.000
Phase 2 Timer Update And Timing Data Collection | Checksum: f1dd069f

Time (s): cpu = 00:00:00 ; elapsed = 00:00:00.185 . Memory (MB): peak = 1604.648 ; gain = 0.000

Phase 3 Retarget
INFO: [Opt 31-1851] Number of loadless carry chains removed were: 0
INFO: [Opt 31-1834] Total Chains To Be Transformed Were: 0 AND Number of Transformed insts Created are: 0
INFO: [Opt 31-138] Pushed 0 inverter(s) to 0 load pin(s).
INFO: [Opt 31-49] Retargeted 0 cell(s).
Phase 3 Retarget | Checksum: f1dd069f

Time (s): cpu = 00:00:00 ; elapsed = 00:00:00.369 . Memory (MB): peak = 1604.648 ; gain = 0.000
Retarget | Checksum: f1dd069f
INFO: [Opt 31-389] Phase Retarget created 0 cells and removed 0 cells

Phase 4 Constant propagation
INFO: [Opt 31-138] Pushed 0 inverter(s) to 0 load pin(s).
Phase 4 Constant propagation | Checksum: 16c6bd33e

Time (s): cpu = 00:00:00 ; elapsed = 00:00:00.430 . Memory (MB): peak = 1604.648 ; gain = 0.000
Constant propagation | Checksum: 16c6bd33e
INFO: [Opt 31-389] Phase Constant propagation created 0 cells and removed 0 cells

Phase 5 Sweep
INFO: [Constraints 18-11670] Building netlist checker database with flags, 0x8
Done building netlist checker database: Time (s): cpu = 00:00:00 ; elapsed = 00:00:00.001 . Memory (MB): peak = 1604.648 ; gain = 0.000
Phase 5 Sweep | Checksum: fd4131ff

Time (s): cpu = 00:00:00 ; elapsed = 00:00:00.491 . Memory (MB): peak = 1604.648 ; gain = 0.000
Sweep | Checksum: fd4131ff
INFO: [Opt 31-389] Phase Sweep created 0 cells and removed 0 cells

Phase 6 BUFG optimization
Phase 6 BUFG optimization | Checksum: fd4131ff

Time (s): cpu = 00:00:00 ; elapsed = 00:00:00.611 . Memory (MB): peak = 1604.648 ; gain = 0.000
BUFG optimization | Checksum: fd4131ff
INFO: [Opt 31-662] Phase BUFG optimization created 0 cells of which 0 are BUFGs and removed 0 cells.

Phase 7 Shift Register Optimization
INFO: [Opt 31-1064] SRL Remap converted 0 SRLs to 0 registers and converted 0 registers of register chains to 0 SRLs
Phase 7 Shift Register Optimization | Checksum: fd4131ff

Time (s): cpu = 00:00:00 ; elapsed = 00:00:00.622 . Memory (MB): peak = 1604.648 ; gain = 0.000
Shift Register Optimization | Checksum: fd4131ff
INFO: [Opt 31-389] Phase Shift Register Optimization created 0 cells and removed 0 cells

Phase 8 Post Processing Netlist
Phase 8 Post Processing Netlist | Checksum: fd4131ff

Time (s): cpu = 00:00:00 ; elapsed = 00:00:00.633 . Memory (MB): peak = 1604.648 ; gain = 0.000
Post Processing Netlist | Checksum: fd4131ff
INFO: [Opt 31-389] Phase Post Processing Netlist created 0 cells and removed 0 cells

Phase 9 Finalization

Phase 9.1 Finalizing Design Cores and Updating Shapes
Phase 9.1 Finalizing Design Cores and Updating Shapes | Checksum: 12526ce9e

Time (s): cpu = 00:00:00 ; elapsed = 00:00:00.815 . Memory (MB): peak = 1604.648 ; gain = 0.000

Phase 9.2 Verifying Netlist Connectivity

Starting Connectivity Check Task

Time (s): cpu = 00:00:00 ; elapsed = 00:00:00.028 . Memory (MB): peak = 1604.648 ; gain = 0.000
Phase 9.2 Verifying Netlist Connectivity | Checksum: 12526ce9e

Time (s): cpu = 00:00:00 ; elapsed = 00:00:00.847 . Memory (MB): peak = 1604.648 ; gain = 0.000
Phase 9 Finalization | Checksum: 12526ce9e

Time (s): cpu = 00:00:00 ; elapsed = 00:00:00.848 . Memory (MB): peak = 1604.648 ; gain = 0.000
Opt_design Change Summary
=========================


-------------------------------------------------------------------------------------------------------------------------
|  Phase                        |  #Cells created  |  #Cells Removed  |  #Constrained objects preventing optimizations  |
-------------------------------------------------------------------------------------------------------------------------
|  Retarget                     |               0  |               0  |                                              0  |
|  Constant propagation         |               0  |               0  |                                              0  |
|  Sweep                        |               0  |               0  |                                              0  |
|  BUFG optimization            |               0  |               0  |                                              0  |
|  Shift Register Optimization  |               0  |               0  |                                              0  |
|  Post Processing Netlist      |               0  |               0  |                                              0  |
-------------------------------------------------------------------------------------------------------------------------


Ending Logic Optimization Task | Checksum: 12526ce9e

Time (s): cpu = 00:00:01 ; elapsed = 00:00:00.857 . Memory (MB): peak = 1604.648 ; gain = 0.000

Starting Power Optimization Task
INFO: [Pwropt 34-132] Skipping clock gating for clocks with a period < 2.00 ns.
Ending Power Optimization Task | Checksum: 12526ce9e

Time (s): cpu = 00:00:00 ; elapsed = 00:00:00.062 . Memory (MB): peak = 1604.648 ; gain = 0.000

Starting Final Cleanup Task
Ending Final Cleanup Task | Checksum: 12526ce9e

Time (s): cpu = 00:00:00 ; elapsed = 00:00:00.001 . Memory (MB): peak = 1604.648 ; gain = 0.000

Starting Netlist Obfuscation Task
Netlist sorting complete. Time (s): cpu = 00:00:00 ; elapsed = 00:00:00.001 . Memory (MB): peak = 1604.648 ; gain = 0.000
Ending Netlist Obfuscation Task | Checksum: 12526ce9e

Time (s): cpu = 00:00:00 ; elapsed = 00:00:00.004 . Memory (MB): peak = 1604.648 ; gain = 0.000
INFO: [Common 17-83] Releasing license: Implementation
26 Infos, 0 Warnings, 0 Critical Warnings and 0 Errors encountered.
opt_design completed successfully
opt_design: Time (s): cpu = 00:00:23 ; elapsed = 00:00:27 . Memory (MB): peak = 1604.648 ; gain = 992.031
INFO: [Vivado 12-24828] Executing command : report_drc -file ExecutionStage_drc_opted.rpt -pb ExecutionStage_drc_opted.pb -rpx ExecutionStage_drc_opted.rpx
Command: report_drc -file ExecutionStage_drc_opted.rpt -pb ExecutionStage_drc_opted.pb -rpx ExecutionStage_drc_opted.rpx
INFO: [IP_Flow 19-234] Refreshing IP repositories
INFO: [IP_Flow 19-1704] No user IP repositories specified
INFO: [IP_Flow 19-2313] Loaded Vivado IP repository 'C:/Xilinx/Vivado/2024.2/data/ip'.
INFO: [DRC 23-27] Running DRC with 2 threads
INFO: [Vivado_Tcl 2-168] The results of DRC are in file M:/College/BTP/Vivado_Simulations/EX_Stage/EX_Stage.runs/impl_1/ExecutionStage_drc_opted.rpt.
report_drc completed successfully
report_drc: Time (s): cpu = 00:00:04 ; elapsed = 00:00:05 . Memory (MB): peak = 1604.648 ; gain = 0.000
generate_parallel_reports: Time (s): cpu = 00:00:04 ; elapsed = 00:00:05 . Memory (MB): peak = 1604.648 ; gain = 0.000
Write ShapeDB Complete: Time (s): cpu = 00:00:00 ; elapsed = 00:00:00.027 . Memory (MB): peak = 1604.648 ; gain = 0.000
INFO: [Common 17-1381] The checkpoint 'M:/College/BTP/Vivado_Simulations/EX_Stage/EX_Stage.runs/impl_1/ExecutionStage_opt.dcp' has been generated.
Command: place_design
Attempting to get a license for feature 'Implementation' and/or device 'xc7k70t'
INFO: [Common 17-349] Got license for feature 'Implementation' and/or device 'xc7k70t'
INFO: [Common 17-83] Releasing license: Implementation
INFO: [DRC 23-27] Running DRC with 2 threads
INFO: [Vivado_Tcl 4-198] DRC finished with 0 Errors
INFO: [Vivado_Tcl 4-199] Please refer to the DRC report (report_drc) for more information.
Running DRC as a precondition to command place_design
INFO: [DRC 23-27] Running DRC with 2 threads
INFO: [Vivado_Tcl 4-198] DRC finished with 0 Errors
INFO: [Vivado_Tcl 4-199] Please refer to the DRC report (report_drc) for more information.
INFO: [Place 30-611] Multithreading enabled for place_design using a maximum of 2 CPUs

Starting Placer Task

Phase 1 Placer Initialization

Phase 1.1 Placer Initialization Netlist Sorting
Netlist sorting complete. Time (s): cpu = 00:00:00 ; elapsed = 00:00:00.001 . Memory (MB): peak = 1604.648 ; gain = 0.000
Phase 1.1 Placer Initialization Netlist Sorting | Checksum: a2636516

Time (s): cpu = 00:00:00 ; elapsed = 00:00:00.024 . Memory (MB): peak = 1604.648 ; gain = 0.000
Netlist sorting complete. Time (s): cpu = 00:00:00 ; elapsed = 00:00:00.001 . Memory (MB): peak = 1604.648 ; gain = 0.000

Phase 1.2 IO Placement/ Clock Placement/ Build Placer Device
INFO: [Timing 38-35] Done setting XDC timing constraints.
Phase 1.2 IO Placement/ Clock Placement/ Build Placer Device | Checksum: 194547817

Time (s): cpu = 00:00:04 ; elapsed = 00:00:04 . Memory (MB): peak = 1604.648 ; gain = 0.000

Phase 1.3 Build Placer Netlist Model
Phase 1.3 Build Placer Netlist Model | Checksum: 1b6827e39

Time (s): cpu = 00:00:04 ; elapsed = 00:00:04 . Memory (MB): peak = 1604.648 ; gain = 0.000

Phase 1.4 Constrain Clocks/Macros
Phase 1.4 Constrain Clocks/Macros | Checksum: 1b6827e39

Time (s): cpu = 00:00:04 ; elapsed = 00:00:04 . Memory (MB): peak = 1604.648 ; gain = 0.000
Phase 1 Placer Initialization | Checksum: 1b6827e39

Time (s): cpu = 00:00:04 ; elapsed = 00:00:04 . Memory (MB): peak = 1604.648 ; gain = 0.000

Phase 2 Global Placement

Phase 2.1 Floorplanning
Phase 2.1 Floorplanning | Checksum: 1b6827e39

Time (s): cpu = 00:00:04 ; elapsed = 00:00:05 . Memory (MB): peak = 1604.648 ; gain = 0.000

Phase 2.2 Update Timing before SLR Path Opt
Phase 2.2 Update Timing before SLR Path Opt | Checksum: 1b6827e39

Time (s): cpu = 00:00:04 ; elapsed = 00:00:05 . Memory (MB): peak = 1604.648 ; gain = 0.000

Phase 2.3 Post-Processing in Floorplanning
Phase 2.3 Post-Processing in Floorplanning | Checksum: 1b6827e39

Time (s): cpu = 00:00:04 ; elapsed = 00:00:05 . Memory (MB): peak = 1604.648 ; gain = 0.000

Phase 2.4 Global Place Phase1
Phase 2.4 Global Place Phase1 | Checksum: 25b34e53f

Time (s): cpu = 00:00:07 ; elapsed = 00:00:07 . Memory (MB): peak = 1604.648 ; gain = 0.000

Phase 2.5 Global Place Phase2
WARNING: [Place 46-29] Timing had been disabled during Placer and, therefore, physical synthesis in Placer will be skipped.
Phase 2.5 Global Place Phase2 | Checksum: 2448de86d

Time (s): cpu = 00:00:07 ; elapsed = 00:00:07 . Memory (MB): peak = 1604.648 ; gain = 0.000
Phase 2 Global Placement | Checksum: 2448de86d

Time (s): cpu = 00:00:07 ; elapsed = 00:00:07 . Memory (MB): peak = 1604.648 ; gain = 0.000

Phase 3 Detail Placement

Phase 3.1 Commit Multi Column Macros
Phase 3.1 Commit Multi Column Macros | Checksum: 2448de86d

Time (s): cpu = 00:00:07 ; elapsed = 00:00:07 . Memory (MB): peak = 1604.648 ; gain = 0.000

Phase 3.2 Commit Most Macros & LUTRAMs
Phase 3.2 Commit Most Macros & LUTRAMs | Checksum: 201e33dc2

Time (s): cpu = 00:00:07 ; elapsed = 00:00:07 . Memory (MB): peak = 1604.648 ; gain = 0.000

Phase 3.3 Area Swap Optimization
Phase 3.3 Area Swap Optimization | Checksum: 1a53e4e11

Time (s): cpu = 00:00:07 ; elapsed = 00:00:07 . Memory (MB): peak = 1604.648 ; gain = 0.000

Phase 3.4 Pipeline Register Optimization
Phase 3.4 Pipeline Register Optimization | Checksum: 1a53e4e11

Time (s): cpu = 00:00:07 ; elapsed = 00:00:07 . Memory (MB): peak = 1604.648 ; gain = 0.000

Phase 3.5 Small Shape Detail Placement
Phase 3.5 Small Shape Detail Placement | Checksum: 19b93bb6d

Time (s): cpu = 00:00:08 ; elapsed = 00:00:08 . Memory (MB): peak = 1604.648 ; gain = 0.000

Phase 3.6 Re-assign LUT pins
Phase 3.6 Re-assign LUT pins | Checksum: 19b93bb6d

Time (s): cpu = 00:00:08 ; elapsed = 00:00:08 . Memory (MB): peak = 1604.648 ; gain = 0.000

Phase 3.7 Pipeline Register Optimization
Phase 3.7 Pipeline Register Optimization | Checksum: 19b93bb6d

Time (s): cpu = 00:00:08 ; elapsed = 00:00:08 . Memory (MB): peak = 1604.648 ; gain = 0.000
Phase 3 Detail Placement | Checksum: 19b93bb6d

Time (s): cpu = 00:00:08 ; elapsed = 00:00:08 . Memory (MB): peak = 1604.648 ; gain = 0.000

Phase 4 Post Placement Optimization and Clean-Up

Phase 4.1 Post Commit Optimization
Phase 4.1 Post Commit Optimization | Checksum: 19b93bb6d

Time (s): cpu = 00:00:08 ; elapsed = 00:00:08 . Memory (MB): peak = 1604.648 ; gain = 0.000

Phase 4.2 Post Placement Cleanup
Phase 4.2 Post Placement Cleanup | Checksum: 19b93bb6d

Time (s): cpu = 00:00:08 ; elapsed = 00:00:08 . Memory (MB): peak = 1604.648 ; gain = 0.000

Phase 4.3 Placer Reporting

Phase 4.3.1 Print Estimated Congestion
INFO: [Place 30-612] Post-Placement Estimated Congestion 
 ____________________________________________________
|           | Global Congestion | Short Congestion  |
| Direction | Region Size       | Region Size       |
|___________|___________________|___________________|
|      North|                1x1|                1x1|
|___________|___________________|___________________|
|      South|                1x1|                1x1|
|___________|___________________|___________________|
|       East|                1x1|                1x1|
|___________|___________________|___________________|
|       West|                1x1|                1x1|
|___________|___________________|___________________|

Phase 4.3.1 Print Estimated Congestion | Checksum: 19b93bb6d

Time (s): cpu = 00:00:08 ; elapsed = 00:00:08 . Memory (MB): peak = 1604.648 ; gain = 0.000
Phase 4.3 Placer Reporting | Checksum: 19b93bb6d

Time (s): cpu = 00:00:08 ; elapsed = 00:00:08 . Memory (MB): peak = 1604.648 ; gain = 0.000

Phase 4.4 Final Placement Cleanup
Netlist sorting complete. Time (s): cpu = 00:00:00 ; elapsed = 00:00:00.001 . Memory (MB): peak = 1604.648 ; gain = 0.000

Time (s): cpu = 00:00:08 ; elapsed = 00:00:08 . Memory (MB): peak = 1604.648 ; gain = 0.000
Phase 4 Post Placement Optimization and Clean-Up | Checksum: 1981d1eb1

Time (s): cpu = 00:00:08 ; elapsed = 00:00:08 . Memory (MB): peak = 1604.648 ; gain = 0.000
Ending Placer Task | Checksum: 11090e723

Time (s): cpu = 00:00:08 ; elapsed = 00:00:08 . Memory (MB): peak = 1604.648 ; gain = 0.000
44 Infos, 1 Warnings, 0 Critical Warnings and 0 Errors encountered.
place_design completed successfully
place_design: Time (s): cpu = 00:00:13 ; elapsed = 00:00:12 . Memory (MB): peak = 1604.648 ; gain = 0.000
INFO: [Vivado 12-24838] Running report commands "report_control_sets, report_io, report_utilization" in parallel.
Running report generation with 2 threads.
INFO: [Vivado 12-24828] Executing command : report_utilization -file ExecutionStage_utilization_placed.rpt -pb ExecutionStage_utilization_placed.pb
INFO: [Vivado 12-24828] Executing command : report_control_sets -verbose -file ExecutionStage_control_sets_placed.rpt
report_control_sets: Time (s): cpu = 00:00:00 ; elapsed = 00:00:00.011 . Memory (MB): peak = 1604.648 ; gain = 0.000
INFO: [Vivado 12-24828] Executing command : report_io -file ExecutionStage_io_placed.rpt
report_io: Time (s): cpu = 00:00:01 ; elapsed = 00:00:00.527 . Memory (MB): peak = 1604.648 ; gain = 0.000
Write ShapeDB Complete: Time (s): cpu = 00:00:00 ; elapsed = 00:00:00.014 . Memory (MB): peak = 1604.648 ; gain = 0.000
Wrote PlaceDB: Time (s): cpu = 00:00:00 ; elapsed = 00:00:00.190 . Memory (MB): peak = 1604.648 ; gain = 0.000
Wrote PulsedLatchDB: Time (s): cpu = 00:00:00 ; elapsed = 00:00:00 . Memory (MB): peak = 1604.648 ; gain = 0.000
Writing XDEF routing.
Writing XDEF routing logical nets.
Writing XDEF routing special nets.
Wrote RouteStorage: Time (s): cpu = 00:00:00 ; elapsed = 00:00:00.200 . Memory (MB): peak = 1604.648 ; gain = 0.000
Wrote Netlist Cache: Time (s): cpu = 00:00:00 ; elapsed = 00:00:00.008 . Memory (MB): peak = 1604.648 ; gain = 0.000
Wrote Device Cache: Time (s): cpu = 00:00:00 ; elapsed = 00:00:00.013 . Memory (MB): peak = 1604.648 ; gain = 0.000
Write Physdb Complete: Time (s): cpu = 00:00:00 ; elapsed = 00:00:00.444 . Memory (MB): peak = 1604.648 ; gain = 0.000
INFO: [Common 17-1381] The checkpoint 'M:/College/BTP/Vivado_Simulations/EX_Stage/EX_Stage.runs/impl_1/ExecutionStage_placed.dcp' has been generated.
Command: phys_opt_design
Attempting to get a license for feature 'Implementation' and/or device 'xc7k70t'
INFO: [Common 17-349] Got license for feature 'Implementation' and/or device 'xc7k70t'

Starting Initial Update Timing Task

Time (s): cpu = 00:00:00 ; elapsed = 00:00:00.177 . Memory (MB): peak = 1615.918 ; gain = 11.270
INFO: [Vivado_Tcl 4-235] No timing constraint found. The netlist was not modified.
INFO: [Common 17-83] Releasing license: Implementation
52 Infos, 1 Warnings, 0 Critical Warnings and 0 Errors encountered.
phys_opt_design completed successfully
Write ShapeDB Complete: Time (s): cpu = 00:00:00 ; elapsed = 00:00:00.014 . Memory (MB): peak = 1633.793 ; gain = 0.000
Wrote PlaceDB: Time (s): cpu = 00:00:00 ; elapsed = 00:00:00.192 . Memory (MB): peak = 1633.793 ; gain = 0.000
Wrote PulsedLatchDB: Time (s): cpu = 00:00:00 ; elapsed = 00:00:00 . Memory (MB): peak = 1633.793 ; gain = 0.000
Writing XDEF routing.
Writing XDEF routing logical nets.
Writing XDEF routing special nets.
Wrote RouteStorage: Time (s): cpu = 00:00:00 ; elapsed = 00:00:00.027 . Memory (MB): peak = 1633.793 ; gain = 0.000
Wrote Netlist Cache: Time (s): cpu = 00:00:00 ; elapsed = 00:00:00.005 . Memory (MB): peak = 1633.793 ; gain = 0.000
Wrote Device Cache: Time (s): cpu = 00:00:00 ; elapsed = 00:00:00.013 . Memory (MB): peak = 1633.793 ; gain = 0.000
Write Physdb Complete: Time (s): cpu = 00:00:00 ; elapsed = 00:00:00.249 . Memory (MB): peak = 1633.793 ; gain = 0.000
INFO: [Common 17-1381] The checkpoint 'M:/College/BTP/Vivado_Simulations/EX_Stage/EX_Stage.runs/impl_1/ExecutionStage_physopt.dcp' has been generated.
Command: route_design
Attempting to get a license for feature 'Implementation' and/or device 'xc7k70t'
INFO: [Common 17-349] Got license for feature 'Implementation' and/or device 'xc7k70t'


Starting Routing Task
INFO: [Route 35-254] Multithreading enabled for route_design using a maximum of 2 CPUs

Phase 1 Build RT Design
Checksum: PlaceDB: 6e2d820d ConstDB: 0 ShapeSum: 477577a1 RouteDB: 5aeded75
Post Restoration Checksum: NetGraph: ea3d1d3 | NumContArr: 48561cb8 | Constraints: c2a8fa9d | Timing: c2a8fa9d
Phase 1 Build RT Design | Checksum: 1dc4be3c5

Time (s): cpu = 00:00:34 ; elapsed = 00:00:30 . Memory (MB): peak = 1729.172 ; gain = 95.344

Phase 2 Router Initialization
INFO: [Route 35-64] No timing constraints were detected. The router will operate in resource-optimization mode.

Phase 2.1 Fix Topology Constraints
Phase 2.1 Fix Topology Constraints | Checksum: 1dc4be3c5

Time (s): cpu = 00:00:34 ; elapsed = 00:00:30 . Memory (MB): peak = 1735.227 ; gain = 101.398

Phase 2.2 Pre Route Cleanup
Phase 2.2 Pre Route Cleanup | Checksum: 1dc4be3c5

Time (s): cpu = 00:00:34 ; elapsed = 00:00:30 . Memory (MB): peak = 1735.227 ; gain = 101.398
 Number of Nodes with overlaps = 0

Router Utilization Summary
  Global Vertical Routing Utilization    = 0 %
  Global Horizontal Routing Utilization  = 0 %
  Routable Net Status*
  *Does not include unroutable nets such as driverless and loadless.
  Run report_route_status for detailed report.
  Number of Failed Nets               = 1040
    (Failed Nets is the sum of unrouted and partially routed nets)
  Number of Unrouted Nets             = 1040
  Number of Partially Routed Nets     = 0
  Number of Node Overlaps             = 0

Phase 2 Router Initialization | Checksum: 29886d7be

Time (s): cpu = 00:00:36 ; elapsed = 00:00:31 . Memory (MB): peak = 1762.402 ; gain = 128.574

Phase 3 Global Routing
Phase 3 Global Routing | Checksum: 29886d7be

Time (s): cpu = 00:00:36 ; elapsed = 00:00:31 . Memory (MB): peak = 1762.402 ; gain = 128.574

Phase 4 Initial Routing

Phase 4.1 Initial Net Routing Pass
Phase 4.1 Initial Net Routing Pass | Checksum: 282f42e62

Time (s): cpu = 00:00:37 ; elapsed = 00:00:32 . Memory (MB): peak = 1762.402 ; gain = 128.574
Phase 4 Initial Routing | Checksum: 282f42e62

Time (s): cpu = 00:00:37 ; elapsed = 00:00:32 . Memory (MB): peak = 1762.402 ; gain = 128.574

Phase 5 Rip-up And Reroute

Phase 5.1 Global Iteration 0
 Number of Nodes with overlaps = 79
 Number of Nodes with overlaps = 0
Phase 5.1 Global Iteration 0 | Checksum: 2d608074a

Time (s): cpu = 00:00:37 ; elapsed = 00:00:33 . Memory (MB): peak = 1762.402 ; gain = 128.574
Phase 5 Rip-up And Reroute | Checksum: 2d608074a

Time (s): cpu = 00:00:37 ; elapsed = 00:00:33 . Memory (MB): peak = 1762.402 ; gain = 128.574

Phase 6 Delay and Skew Optimization
Phase 6 Delay and Skew Optimization | Checksum: 2d608074a

Time (s): cpu = 00:00:37 ; elapsed = 00:00:33 . Memory (MB): peak = 1762.402 ; gain = 128.574

Phase 7 Post Hold Fix

Phase 7.1 Hold Fix Iter
Phase 7.1 Hold Fix Iter | Checksum: 2d608074a

Time (s): cpu = 00:00:37 ; elapsed = 00:00:33 . Memory (MB): peak = 1762.402 ; gain = 128.574
Phase 7 Post Hold Fix | Checksum: 2d608074a

Time (s): cpu = 00:00:37 ; elapsed = 00:00:33 . Memory (MB): peak = 1762.402 ; gain = 128.574

Phase 8 Route finalize

Router Utilization Summary
  Global Vertical Routing Utilization    = 1.19963 %
  Global Horizontal Routing Utilization  = 0.655337 %
  Routable Net Status*
  *Does not include unroutable nets such as driverless and loadless.
  Run report_route_status for detailed report.
  Number of Failed Nets               = 0
    (Failed Nets is the sum of unrouted and partially routed nets)
  Number of Unrouted Nets             = 0
  Number of Partially Routed Nets     = 0
  Number of Node Overlaps             = 0


--GLOBAL Congestion:
Utilization threshold used for congestion level computation: 0.85
Congestion Report
North Dir 1x1 Area, Max Cong = 44.1441%, No Congested Regions.
South Dir 1x1 Area, Max Cong = 49.5495%, No Congested Regions.
East Dir 1x1 Area, Max Cong = 33.8235%, No Congested Regions.
West Dir 1x1 Area, Max Cong = 36.7647%, No Congested Regions.

------------------------------
Reporting congestion hotspots
------------------------------
Direction: North
----------------
Congested clusters found at Level 0
Effective congestion level: 0 Aspect Ratio: 1 Sparse Ratio: 0
Direction: South
----------------
Congested clusters found at Level 0
Effective congestion level: 0 Aspect Ratio: 1 Sparse Ratio: 0
Direction: East
----------------
Congested clusters found at Level 0
Effective congestion level: 0 Aspect Ratio: 1 Sparse Ratio: 0
Direction: West
----------------
Congested clusters found at Level 0
Effective congestion level: 0 Aspect Ratio: 1 Sparse Ratio: 0

Phase 8 Route finalize | Checksum: 2d608074a

Time (s): cpu = 00:00:38 ; elapsed = 00:00:33 . Memory (MB): peak = 1762.402 ; gain = 128.574

Phase 9 Verifying routed nets

 Verification completed successfully
Phase 9 Verifying routed nets | Checksum: 2d608074a

Time (s): cpu = 00:00:38 ; elapsed = 00:00:33 . Memory (MB): peak = 1762.402 ; gain = 128.574

Phase 10 Depositing Routes
Phase 10 Depositing Routes | Checksum: 286f837f8

Time (s): cpu = 00:00:38 ; elapsed = 00:00:33 . Memory (MB): peak = 1762.402 ; gain = 128.574

Phase 11 Post Process Routing
Phase 11 Post Process Routing | Checksum: 286f837f8

Time (s): cpu = 00:00:38 ; elapsed = 00:00:33 . Memory (MB): peak = 1762.402 ; gain = 128.574
Total Elapsed time in route_design: 32.97 secs

Phase 12 Post-Route Event Processing
Phase 12 Post-Route Event Processing | Checksum: 13e9b978d

Time (s): cpu = 00:00:38 ; elapsed = 00:00:33 . Memory (MB): peak = 1762.402 ; gain = 128.574
INFO: [Route 35-16] Router Completed Successfully
Ending Routing Task | Checksum: 13e9b978d

Time (s): cpu = 00:00:38 ; elapsed = 00:00:33 . Memory (MB): peak = 1762.402 ; gain = 128.574

Routing Is Done.
INFO: [Common 17-83] Releasing license: Implementation
58 Infos, 1 Warnings, 0 Critical Warnings and 0 Errors encountered.
route_design completed successfully
route_design: Time (s): cpu = 00:00:38 ; elapsed = 00:00:33 . Memory (MB): peak = 1762.402 ; gain = 128.609
INFO: [Vivado 12-24828] Executing command : report_drc -file ExecutionStage_drc_routed.rpt -pb ExecutionStage_drc_routed.pb -rpx ExecutionStage_drc_routed.rpx
Command: report_drc -file ExecutionStage_drc_routed.rpt -pb ExecutionStage_drc_routed.pb -rpx ExecutionStage_drc_routed.rpx
INFO: [IP_Flow 19-1839] IP Catalog is up to date.
INFO: [DRC 23-27] Running DRC with 2 threads
INFO: [Vivado_Tcl 2-168] The results of DRC are in file M:/College/BTP/Vivado_Simulations/EX_Stage/EX_Stage.runs/impl_1/ExecutionStage_drc_routed.rpt.
report_drc completed successfully
report_drc: Time (s): cpu = 00:00:12 ; elapsed = 00:00:07 . Memory (MB): peak = 1812.387 ; gain = 49.984
INFO: [Vivado 12-24828] Executing command : report_methodology -file ExecutionStage_methodology_drc_routed.rpt -pb ExecutionStage_methodology_drc_routed.pb -rpx ExecutionStage_methodology_drc_routed.rpx
Command: report_methodology -file ExecutionStage_methodology_drc_routed.rpt -pb ExecutionStage_methodology_drc_routed.pb -rpx ExecutionStage_methodology_drc_routed.rpx
INFO: [Timing 38-35] Done setting XDC timing constraints.
INFO: [DRC 23-133] Running Methodology with 2 threads
INFO: [Vivado_Tcl 2-1520] The results of Report Methodology are in file M:/College/BTP/Vivado_Simulations/EX_Stage/EX_Stage.runs/impl_1/ExecutionStage_methodology_drc_routed.rpt.
report_methodology completed successfully
report_methodology: Time (s): cpu = 00:00:11 ; elapsed = 00:00:06 . Memory (MB): peak = 1832.891 ; gain = 20.504
INFO: [Vivado 12-24828] Executing command : report_timing_summary -max_paths 10 -report_unconstrained -file ExecutionStage_timing_summary_routed.rpt -pb ExecutionStage_timing_summary_routed.pb -rpx ExecutionStage_timing_summary_routed.rpx -warn_on_violation 
INFO: [Timing 38-35] Done setting XDC timing constraints.
INFO: [Timing 38-91] UpdateTimingParams: Speed grade: -1, Delay Type: min_max.
INFO: [Timing 38-191] Multithreading enabled for timing update using a maximum of 2 CPUs
WARNING: [Timing 38-313] There are no user specified timing constraints. Timing constraints are needed for proper timing analysis.
INFO: [Vivado 12-24838] Running report commands "report_incremental_reuse, report_route_status" in parallel.
Running report generation with 2 threads.
INFO: [Vivado 12-24828] Executing command : report_route_status -file ExecutionStage_route_status.rpt -pb ExecutionStage_route_status.pb
INFO: [Vivado 12-24828] Executing command : report_incremental_reuse -file ExecutionStage_incremental_reuse_routed.rpt
INFO: [Vivado_Tcl 4-1062] Incremental flow is disabled. No incremental reuse Info to report.
INFO: [Vivado 12-24828] Executing command : report_power -file ExecutionStage_power_routed.rpt -pb ExecutionStage_power_summary_routed.pb -rpx ExecutionStage_power_routed.rpx
Command: report_power -file ExecutionStage_power_routed.rpt -pb ExecutionStage_power_summary_routed.pb -rpx ExecutionStage_power_routed.rpx
WARNING: [Power 33-232] No user defined clocks were found in the design! Power estimation will be inaccurate until this is corrected.
Resolution: Please specify clocks using create_clock/create_generated_clock for sequential elements. For pure combinatorial circuits, please specify a virtual clock, otherwise the vectorless estimation might be inaccurate
Running Vector-less Activity Propagation...

Finished Running Vector-less Activity Propagation
75 Infos, 3 Warnings, 0 Critical Warnings and 0 Errors encountered.
report_power completed successfully
INFO: [Vivado 12-24828] Executing command : report_clock_utilization -file ExecutionStage_clock_utilization_routed.rpt
INFO: [Vivado 12-24828] Executing command : report_bus_skew -warn_on_violation -file ExecutionStage_bus_skew_routed.rpt -pb ExecutionStage_bus_skew_routed.pb -rpx ExecutionStage_bus_skew_routed.rpx
INFO: [Timing 38-91] UpdateTimingParams: Speed grade: -1, Delay Type: min_max.
INFO: [Timing 38-191] Multithreading enabled for timing update using a maximum of 2 CPUs
generate_parallel_reports: Time (s): cpu = 00:00:27 ; elapsed = 00:00:18 . Memory (MB): peak = 1838.203 ; gain = 75.801
Write ShapeDB Complete: Time (s): cpu = 00:00:00 ; elapsed = 00:00:00.014 . Memory (MB): peak = 1842.855 ; gain = 0.020
Wrote PlaceDB: Time (s): cpu = 00:00:01 ; elapsed = 00:00:00.179 . Memory (MB): peak = 1842.855 ; gain = 0.000
Wrote PulsedLatchDB: Time (s): cpu = 00:00:00 ; elapsed = 00:00:00 . Memory (MB): peak = 1842.855 ; gain = 0.000
Writing XDEF routing.
Writing XDEF routing logical nets.
Writing XDEF routing special nets.
Wrote RouteStorage: Time (s): cpu = 00:00:00 ; elapsed = 00:00:00.064 . Memory (MB): peak = 1842.855 ; gain = 0.000
Wrote Netlist Cache: Time (s): cpu = 00:00:00 ; elapsed = 00:00:00.004 . Memory (MB): peak = 1842.855 ; gain = 0.000
Wrote Device Cache: Time (s): cpu = 00:00:00 ; elapsed = 00:00:00.012 . Memory (MB): peak = 1842.855 ; gain = 0.000
Write Physdb Complete: Time (s): cpu = 00:00:01 ; elapsed = 00:00:00.270 . Memory (MB): peak = 1842.855 ; gain = 0.000
INFO: [Common 17-1381] The checkpoint 'M:/College/BTP/Vivado_Simulations/EX_Stage/EX_Stage.runs/impl_1/ExecutionStage_routed.dcp' has been generated.
INFO: [Common 17-206] Exiting Vivado at Fri Mar 21 19:16:11 2025...
