
*** Running vivado
    with args -log FetchStage.vds -m64 -product Vivado -mode batch -messageDb vivado.pb -notrace -source FetchStage.tcl



****** Vivado v2024.2 (64-bit)
  **** SW Build 5239630 on Fri Nov 08 22:35:27 MST 2024
  **** IP Build 5239520 on Sun Nov 10 16:12:51 MST 2024
  **** SharedData Build 5239561 on Fri Nov 08 14:39:27 MST 2024
  **** Start of session at: Tue May  6 21:25:16 2025
    ** Copyright 1986-2022 Xilinx, Inc. All Rights Reserved.
    ** Copyright 2022-2024 Advanced Micro Devices, Inc. All Rights Reserved.

source FetchStage.tcl -notrace
Command: read_checkpoint -auto_incremental -incremental M:/College/BTP/Vivado_Simulations/Fetch/IF/IF.srcs/utils_1/imports/synth_1/FetchStage.dcp
INFO: [Vivado 12-5825] Read reference checkpoint from M:/College/BTP/Vivado_Simulations/Fetch/IF/IF.srcs/utils_1/imports/synth_1/FetchStage.dcp for incremental synthesis
INFO: [Vivado 12-7989] Please ensure there are no constraint changes
Command: synth_design -top FetchStage -part xc7k160tfbg676-3
Starting synth_design
Attempting to get a license for feature 'Synthesis' and/or device 'xc7k160t'
INFO: [Common 17-349] Got license for feature 'Synthesis' and/or device 'xc7k160t'
INFO: [Designutils 20-5440] No compile time benefit to using incremental synthesis; A full resynthesis will be run
INFO: [Designutils 20-4379] Flow is switching to default flow due to incremental criteria not met. If you would like to alter this behaviour and have the flow terminate instead, please set the following parameter config_implementation {autoIncr.Synth.RejectBehavior Terminate}
INFO: [Synth 8-7079] Multithreading enabled for synth_design using a maximum of 2 processes.
INFO: [Synth 8-7078] Launching helper process for spawning children vivado processes
INFO: [Synth 8-7075] Helper process launched with PID 26984
---------------------------------------------------------------------------------
Starting Synthesize : Time (s): cpu = 00:00:12 ; elapsed = 00:00:12 . Memory (MB): peak = 777.523 ; gain = 474.059
---------------------------------------------------------------------------------
INFO: [Synth 8-6157] synthesizing module 'FetchStage' [M:/College/BTP/Vivado_Simulations/Fetch/FetchStage.v:1]
INFO: [Synth 8-6157] synthesizing module 'BPU_Top' [M:/College/BTP/Vivado_Simulations/Fetch/BPU.v:1]
INFO: [Synth 8-6157] synthesizing module 'GHR_PC' [M:/College/BTP/Vivado_Simulations/Fetch/BPU.v:150]
INFO: [Synth 8-6155] done synthesizing module 'GHR_PC' (0#1) [M:/College/BTP/Vivado_Simulations/Fetch/BPU.v:150]
INFO: [Synth 8-6157] synthesizing module 'BTB' [M:/College/BTP/Vivado_Simulations/Fetch/BPU.v:175]
INFO: [Synth 8-6155] done synthesizing module 'BTB' (0#1) [M:/College/BTP/Vivado_Simulations/Fetch/BPU.v:175]
INFO: [Synth 8-6157] synthesizing module 'PHT' [M:/College/BTP/Vivado_Simulations/Fetch/BPU.v:92]
INFO: [Synth 8-226] default block is never used [M:/College/BTP/Vivado_Simulations/Fetch/BPU.v:138]
INFO: [Synth 8-6155] done synthesizing module 'PHT' (0#1) [M:/College/BTP/Vivado_Simulations/Fetch/BPU.v:92]
INFO: [Synth 8-6155] done synthesizing module 'BPU_Top' (0#1) [M:/College/BTP/Vivado_Simulations/Fetch/BPU.v:1]
INFO: [Synth 8-6157] synthesizing module 'INST_MEM' [M:/College/BTP/Vivado_Simulations/Fetch/Inst_Mem.v:1]
CRITICAL WARNING: [Synth 8-4445] could not open $readmem data file 'program.hex'; please make sure the file is added to project and has read permission, ignoring [M:/College/BTP/Vivado_Simulations/Fetch/Inst_Mem.v:11]
CRITICAL WARNING: [Synth 8-4445] could not open $readmem data file 'program.hex'; please make sure the file is added to project and has read permission, ignoring [M:/College/BTP/Vivado_Simulations/Fetch/Inst_Mem.v:22]
INFO: [Synth 8-6155] done synthesizing module 'INST_MEM' (0#1) [M:/College/BTP/Vivado_Simulations/Fetch/Inst_Mem.v:1]
INFO: [Synth 8-6155] done synthesizing module 'FetchStage' (0#1) [M:/College/BTP/Vivado_Simulations/Fetch/FetchStage.v:1]
WARNING: [Synth 8-3848] Net Memory in module/entity INST_MEM does not have driver. [M:/College/BTP/Vivado_Simulations/Fetch/Inst_Mem.v:7]
WARNING: [Synth 8-7129] Port clk in module INST_MEM is either unconnected or has no load
WARNING: [Synth 8-7129] Port PC[31] in module INST_MEM is either unconnected or has no load
WARNING: [Synth 8-7129] Port PC[30] in module INST_MEM is either unconnected or has no load
WARNING: [Synth 8-7129] Port PC[29] in module INST_MEM is either unconnected or has no load
WARNING: [Synth 8-7129] Port PC[28] in module INST_MEM is either unconnected or has no load
WARNING: [Synth 8-7129] Port PC[27] in module INST_MEM is either unconnected or has no load
WARNING: [Synth 8-7129] Port PC[26] in module INST_MEM is either unconnected or has no load
WARNING: [Synth 8-7129] Port PC[25] in module INST_MEM is either unconnected or has no load
WARNING: [Synth 8-7129] Port PC[24] in module INST_MEM is either unconnected or has no load
WARNING: [Synth 8-7129] Port PC[23] in module INST_MEM is either unconnected or has no load
WARNING: [Synth 8-7129] Port PC[22] in module INST_MEM is either unconnected or has no load
WARNING: [Synth 8-7129] Port PC[21] in module INST_MEM is either unconnected or has no load
WARNING: [Synth 8-7129] Port PC[20] in module INST_MEM is either unconnected or has no load
WARNING: [Synth 8-7129] Port PC[19] in module INST_MEM is either unconnected or has no load
WARNING: [Synth 8-7129] Port PC[18] in module INST_MEM is either unconnected or has no load
WARNING: [Synth 8-7129] Port PC[17] in module INST_MEM is either unconnected or has no load
WARNING: [Synth 8-7129] Port PC[16] in module INST_MEM is either unconnected or has no load
WARNING: [Synth 8-7129] Port PC[15] in module INST_MEM is either unconnected or has no load
WARNING: [Synth 8-7129] Port PC[14] in module INST_MEM is either unconnected or has no load
WARNING: [Synth 8-7129] Port PC[13] in module INST_MEM is either unconnected or has no load
WARNING: [Synth 8-7129] Port PC[12] in module INST_MEM is either unconnected or has no load
WARNING: [Synth 8-7129] Port PC[11] in module INST_MEM is either unconnected or has no load
WARNING: [Synth 8-7129] Port PC[10] in module INST_MEM is either unconnected or has no load
WARNING: [Synth 8-7129] Port PC[9] in module INST_MEM is either unconnected or has no load
WARNING: [Synth 8-7129] Port PC[8] in module INST_MEM is either unconnected or has no load
WARNING: [Synth 8-7129] Port PC[7] in module INST_MEM is either unconnected or has no load
WARNING: [Synth 8-7129] Port PC[6] in module INST_MEM is either unconnected or has no load
WARNING: [Synth 8-7129] Port PC[5] in module INST_MEM is either unconnected or has no load
WARNING: [Synth 8-7129] Port PC[4] in module INST_MEM is either unconnected or has no load
WARNING: [Synth 8-7129] Port PC[3] in module INST_MEM is either unconnected or has no load
WARNING: [Synth 8-7129] Port PC[2] in module INST_MEM is either unconnected or has no load
WARNING: [Synth 8-7129] Port PC[1] in module INST_MEM is either unconnected or has no load
WARNING: [Synth 8-7129] Port PC[0] in module INST_MEM is either unconnected or has no load
WARNING: [Synth 8-7129] Port rst in module INST_MEM is either unconnected or has no load
WARNING: [Synth 8-7129] Port index[3] in module PHT is either unconnected or has no load
WARNING: [Synth 8-7129] Port index[2] in module PHT is either unconnected or has no load
WARNING: [Synth 8-7129] Port index[1] in module PHT is either unconnected or has no load
WARNING: [Synth 8-7129] Port index[0] in module PHT is either unconnected or has no load
WARNING: [Synth 8-7129] Port resolved_pc[31] in module PHT is either unconnected or has no load
WARNING: [Synth 8-7129] Port resolved_pc[30] in module PHT is either unconnected or has no load
WARNING: [Synth 8-7129] Port resolved_pc[29] in module PHT is either unconnected or has no load
WARNING: [Synth 8-7129] Port resolved_pc[28] in module PHT is either unconnected or has no load
WARNING: [Synth 8-7129] Port resolved_pc[27] in module PHT is either unconnected or has no load
WARNING: [Synth 8-7129] Port resolved_pc[26] in module PHT is either unconnected or has no load
WARNING: [Synth 8-7129] Port resolved_pc[25] in module PHT is either unconnected or has no load
WARNING: [Synth 8-7129] Port resolved_pc[24] in module PHT is either unconnected or has no load
WARNING: [Synth 8-7129] Port resolved_pc[23] in module PHT is either unconnected or has no load
WARNING: [Synth 8-7129] Port resolved_pc[22] in module PHT is either unconnected or has no load
WARNING: [Synth 8-7129] Port resolved_pc[21] in module PHT is either unconnected or has no load
WARNING: [Synth 8-7129] Port resolved_pc[20] in module PHT is either unconnected or has no load
WARNING: [Synth 8-7129] Port resolved_pc[19] in module PHT is either unconnected or has no load
WARNING: [Synth 8-7129] Port resolved_pc[18] in module PHT is either unconnected or has no load
WARNING: [Synth 8-7129] Port resolved_pc[17] in module PHT is either unconnected or has no load
WARNING: [Synth 8-7129] Port resolved_pc[16] in module PHT is either unconnected or has no load
WARNING: [Synth 8-7129] Port resolved_pc[15] in module PHT is either unconnected or has no load
WARNING: [Synth 8-7129] Port resolved_pc[14] in module PHT is either unconnected or has no load
WARNING: [Synth 8-7129] Port resolved_pc[13] in module PHT is either unconnected or has no load
WARNING: [Synth 8-7129] Port resolved_pc[12] in module PHT is either unconnected or has no load
WARNING: [Synth 8-7129] Port resolved_pc[11] in module PHT is either unconnected or has no load
WARNING: [Synth 8-7129] Port resolved_pc[10] in module PHT is either unconnected or has no load
WARNING: [Synth 8-7129] Port resolved_pc[9] in module PHT is either unconnected or has no load
WARNING: [Synth 8-7129] Port resolved_pc[8] in module PHT is either unconnected or has no load
WARNING: [Synth 8-7129] Port resolved_pc[7] in module PHT is either unconnected or has no load
WARNING: [Synth 8-7129] Port resolved_pc[6] in module PHT is either unconnected or has no load
WARNING: [Synth 8-7129] Port resolved_pc[5] in module PHT is either unconnected or has no load
WARNING: [Synth 8-7129] Port resolved_pc[4] in module PHT is either unconnected or has no load
WARNING: [Synth 8-7129] Port branch_resolved in module PHT is either unconnected or has no load
WARNING: [Synth 8-7129] Port pc[3] in module BTB is either unconnected or has no load
WARNING: [Synth 8-7129] Port pc[2] in module BTB is either unconnected or has no load
WARNING: [Synth 8-7129] Port pc[1] in module BTB is either unconnected or has no load
WARNING: [Synth 8-7129] Port pc[0] in module BTB is either unconnected or has no load
WARNING: [Synth 8-7129] Port pc[31] in module GHR_PC is either unconnected or has no load
WARNING: [Synth 8-7129] Port pc[30] in module GHR_PC is either unconnected or has no load
WARNING: [Synth 8-7129] Port pc[29] in module GHR_PC is either unconnected or has no load
WARNING: [Synth 8-7129] Port pc[28] in module GHR_PC is either unconnected or has no load
WARNING: [Synth 8-7129] Port pc[27] in module GHR_PC is either unconnected or has no load
WARNING: [Synth 8-7129] Port pc[26] in module GHR_PC is either unconnected or has no load
WARNING: [Synth 8-7129] Port pc[25] in module GHR_PC is either unconnected or has no load
WARNING: [Synth 8-7129] Port pc[24] in module GHR_PC is either unconnected or has no load
WARNING: [Synth 8-7129] Port pc[23] in module GHR_PC is either unconnected or has no load
WARNING: [Synth 8-7129] Port pc[22] in module GHR_PC is either unconnected or has no load
WARNING: [Synth 8-7129] Port pc[21] in module GHR_PC is either unconnected or has no load
WARNING: [Synth 8-7129] Port pc[20] in module GHR_PC is either unconnected or has no load
WARNING: [Synth 8-7129] Port pc[19] in module GHR_PC is either unconnected or has no load
WARNING: [Synth 8-7129] Port pc[18] in module GHR_PC is either unconnected or has no load
WARNING: [Synth 8-7129] Port pc[17] in module GHR_PC is either unconnected or has no load
WARNING: [Synth 8-7129] Port pc[16] in module GHR_PC is either unconnected or has no load
WARNING: [Synth 8-7129] Port pc[15] in module GHR_PC is either unconnected or has no load
WARNING: [Synth 8-7129] Port pc[14] in module GHR_PC is either unconnected or has no load
WARNING: [Synth 8-7129] Port pc[13] in module GHR_PC is either unconnected or has no load
WARNING: [Synth 8-7129] Port pc[12] in module GHR_PC is either unconnected or has no load
WARNING: [Synth 8-7129] Port pc[11] in module GHR_PC is either unconnected or has no load
WARNING: [Synth 8-7129] Port pc[10] in module GHR_PC is either unconnected or has no load
WARNING: [Synth 8-7129] Port pc[9] in module GHR_PC is either unconnected or has no load
WARNING: [Synth 8-7129] Port pc[8] in module GHR_PC is either unconnected or has no load
WARNING: [Synth 8-7129] Port pc[7] in module GHR_PC is either unconnected or has no load
WARNING: [Synth 8-7129] Port pc[6] in module GHR_PC is either unconnected or has no load
WARNING: [Synth 8-7129] Port pc[5] in module GHR_PC is either unconnected or has no load
WARNING: [Synth 8-7129] Port pc[4] in module GHR_PC is either unconnected or has no load
---------------------------------------------------------------------------------
Finished Synthesize : Time (s): cpu = 00:00:15 ; elapsed = 00:00:16 . Memory (MB): peak = 886.840 ; gain = 583.375
---------------------------------------------------------------------------------
---------------------------------------------------------------------------------
Finished Constraint Validation : Time (s): cpu = 00:00:16 ; elapsed = 00:00:17 . Memory (MB): peak = 886.840 ; gain = 583.375
---------------------------------------------------------------------------------
---------------------------------------------------------------------------------
Start Loading Part and Timing Information
---------------------------------------------------------------------------------
Loading part: xc7k160tfbg676-3
---------------------------------------------------------------------------------
Finished Loading Part and Timing Information : Time (s): cpu = 00:00:16 ; elapsed = 00:00:17 . Memory (MB): peak = 886.840 ; gain = 583.375
---------------------------------------------------------------------------------
INFO: [Device 21-403] Loading part xc7k160tfbg676-3
---------------------------------------------------------------------------------
Finished RTL Optimization Phase 2 : Time (s): cpu = 00:00:17 ; elapsed = 00:00:18 . Memory (MB): peak = 886.840 ; gain = 583.375
---------------------------------------------------------------------------------
No constraint files found.
---------------------------------------------------------------------------------
Start RTL Component Statistics 
---------------------------------------------------------------------------------
Detailed RTL Component Info : 
+---Adders : 
	   2 Input   32 Bit       Adders := 2     
+---XORs : 
	   2 Input      4 Bit         XORs := 3     
+---Registers : 
	               32 Bit    Registers := 20    
	               28 Bit    Registers := 16    
	               16 Bit    Registers := 1     
	                4 Bit    Registers := 3     
	                2 Bit    Registers := 17    
	                1 Bit    Registers := 2     
+---Muxes : 
	   2 Input   32 Bit        Muxes := 4     
	   2 Input   16 Bit        Muxes := 1     
	   6 Input    2 Bit        Muxes := 1     
	   2 Input    1 Bit        Muxes := 33    
---------------------------------------------------------------------------------
Finished RTL Component Statistics 
---------------------------------------------------------------------------------
---------------------------------------------------------------------------------
Start Part Resource Summary
---------------------------------------------------------------------------------
Part Resources:
DSPs: 600 (col length:100)
BRAMs: 650 (col length: RAMB18 100 RAMB36 50)
---------------------------------------------------------------------------------
Finished Part Resource Summary
---------------------------------------------------------------------------------
No constraint files found.
---------------------------------------------------------------------------------
Start Cross Boundary and Area Optimization
---------------------------------------------------------------------------------
WARNING: [Synth 8-7080] Parallel synthesis criteria is not met
---------------------------------------------------------------------------------
Finished Cross Boundary and Area Optimization : Time (s): cpu = 00:00:29 ; elapsed = 00:00:32 . Memory (MB): peak = 1137.039 ; gain = 833.574
---------------------------------------------------------------------------------
No constraint files found.
---------------------------------------------------------------------------------
Start Timing Optimization
---------------------------------------------------------------------------------
---------------------------------------------------------------------------------
Finished Timing Optimization : Time (s): cpu = 00:00:29 ; elapsed = 00:00:32 . Memory (MB): peak = 1137.039 ; gain = 833.574
---------------------------------------------------------------------------------
---------------------------------------------------------------------------------
Start Technology Mapping
---------------------------------------------------------------------------------
---------------------------------------------------------------------------------
Finished Technology Mapping : Time (s): cpu = 00:00:30 ; elapsed = 00:00:33 . Memory (MB): peak = 1137.039 ; gain = 833.574
---------------------------------------------------------------------------------
---------------------------------------------------------------------------------
Start IO Insertion
---------------------------------------------------------------------------------
---------------------------------------------------------------------------------
Start Flattening Before IO Insertion
---------------------------------------------------------------------------------
---------------------------------------------------------------------------------
Finished Flattening Before IO Insertion
---------------------------------------------------------------------------------
---------------------------------------------------------------------------------
Start Final Netlist Cleanup
---------------------------------------------------------------------------------
---------------------------------------------------------------------------------
Finished Final Netlist Cleanup
---------------------------------------------------------------------------------
---------------------------------------------------------------------------------
Finished IO Insertion : Time (s): cpu = 00:00:38 ; elapsed = 00:00:41 . Memory (MB): peak = 1290.344 ; gain = 986.879
---------------------------------------------------------------------------------
---------------------------------------------------------------------------------
Start Renaming Generated Instances
---------------------------------------------------------------------------------
---------------------------------------------------------------------------------
Finished Renaming Generated Instances : Time (s): cpu = 00:00:38 ; elapsed = 00:00:41 . Memory (MB): peak = 1290.344 ; gain = 986.879
---------------------------------------------------------------------------------
---------------------------------------------------------------------------------
Start Rebuilding User Hierarchy
---------------------------------------------------------------------------------
---------------------------------------------------------------------------------
Finished Rebuilding User Hierarchy : Time (s): cpu = 00:00:38 ; elapsed = 00:00:41 . Memory (MB): peak = 1290.344 ; gain = 986.879
---------------------------------------------------------------------------------
---------------------------------------------------------------------------------
Start Renaming Generated Ports
---------------------------------------------------------------------------------
---------------------------------------------------------------------------------
Finished Renaming Generated Ports : Time (s): cpu = 00:00:38 ; elapsed = 00:00:41 . Memory (MB): peak = 1290.344 ; gain = 986.879
---------------------------------------------------------------------------------
---------------------------------------------------------------------------------
Start Handling Custom Attributes
---------------------------------------------------------------------------------
---------------------------------------------------------------------------------
Finished Handling Custom Attributes : Time (s): cpu = 00:00:38 ; elapsed = 00:00:41 . Memory (MB): peak = 1290.344 ; gain = 986.879
---------------------------------------------------------------------------------
---------------------------------------------------------------------------------
Start Renaming Generated Nets
---------------------------------------------------------------------------------
---------------------------------------------------------------------------------
Finished Renaming Generated Nets : Time (s): cpu = 00:00:38 ; elapsed = 00:00:41 . Memory (MB): peak = 1290.344 ; gain = 986.879
---------------------------------------------------------------------------------
---------------------------------------------------------------------------------
Start Writing Synthesis Report
---------------------------------------------------------------------------------

Report BlackBoxes: 
+-+--------------+----------+
| |BlackBox name |Instances |
+-+--------------+----------+
+-+--------------+----------+

Report Cell Usage: 
+------+-------+------+
|      |Cell   |Count |
+------+-------+------+
|1     |BUFG   |     1|
|2     |CARRY4 |    19|
|3     |LUT1   |     2|
|4     |LUT2   |    18|
|5     |LUT3   |     1|
|6     |LUT4   |    22|
|7     |LUT5   |    95|
|8     |LUT6   |   305|
|9     |MUXF7  |   123|
|10    |MUXF8  |    60|
|11    |FDCE   |  1047|
|12    |FDRE   |    69|
|13    |IBUF   |    74|
|14    |OBUF   |   101|
+------+-------+------+

Report Instance Areas: 
+------+----------------+--------+------+
|      |Instance        |Module  |Cells |
+------+----------------+--------+------+
|1     |top             |        |  1937|
|2     |  bpu           |BPU_Top |  1692|
|3     |    btb_inst    |BTB     |  1487|
|4     |    ghr_pc_inst |GHR_PC  |    12|
|5     |    pht_inst    |PHT     |   109|
+------+----------------+--------+------+
---------------------------------------------------------------------------------
Finished Writing Synthesis Report : Time (s): cpu = 00:00:38 ; elapsed = 00:00:41 . Memory (MB): peak = 1290.344 ; gain = 986.879
---------------------------------------------------------------------------------
Synthesis finished with 0 errors, 2 critical warnings and 101 warnings.
Synthesis Optimization Runtime : Time (s): cpu = 00:00:38 ; elapsed = 00:00:41 . Memory (MB): peak = 1290.344 ; gain = 986.879
Synthesis Optimization Complete : Time (s): cpu = 00:00:38 ; elapsed = 00:00:41 . Memory (MB): peak = 1290.344 ; gain = 986.879
INFO: [Project 1-571] Translating synthesized netlist
Netlist sorting complete. Time (s): cpu = 00:00:00 ; elapsed = 00:00:00.036 . Memory (MB): peak = 1305.418 ; gain = 0.000
INFO: [Netlist 29-17] Analyzing 202 Unisim elements for replacement
INFO: [Netlist 29-28] Unisim Transformation completed in 0 CPU seconds
INFO: [Project 1-570] Preparing netlist for logic optimization
INFO: [Opt 31-138] Pushed 0 inverter(s) to 0 load pin(s).
Netlist sorting complete. Time (s): cpu = 00:00:00 ; elapsed = 00:00:00.001 . Memory (MB): peak = 1422.168 ; gain = 0.000
INFO: [Project 1-111] Unisim Transformation Summary:
No Unisim elements were transformed.

Synth Design complete | Checksum: 1d1202ca
INFO: [Common 17-83] Releasing license: Synthesis
29 Infos, 101 Warnings, 2 Critical Warnings and 0 Errors encountered.
synth_design completed successfully
synth_design: Time (s): cpu = 00:00:42 ; elapsed = 00:00:49 . Memory (MB): peak = 1422.168 ; gain = 1124.898
INFO: [runtcl-6] Synthesis results are not added to the cache due to CRITICAL_WARNING
Write ShapeDB Complete: Time (s): cpu = 00:00:00 ; elapsed = 00:00:00.013 . Memory (MB): peak = 1422.168 ; gain = 0.000
INFO: [Common 17-1381] The checkpoint 'M:/College/BTP/Vivado_Simulations/Fetch/IF/IF.runs/synth_1/FetchStage.dcp' has been generated.
INFO: [Vivado 12-24828] Executing command : report_utilization -file FetchStage_utilization_synth.rpt -pb FetchStage_utilization_synth.pb
INFO: [Common 17-206] Exiting Vivado at Tue May  6 21:26:11 2025...
